<?xml version="1.0" encoding="UTF-8"?>
<!-- Generated by org.testng.reporters.JUnitXMLReporter -->
<testsuite hostname="KisanAbhi-PC" name="FollowChannelInviteToValidNumber(failed)" tests="1" failures="0" timestamp="21 Mar 2019 12:44:47 GMT" time="3.221" errors="0">
  <testcase name="@BeforeClass beforeClass" time="0.0" classname="com.uiFramework.KisanForum.KisanNetWeb.testScripts.Invitations.FollowChannelInviteToValidNumber">
    <failure type="java.lang.NullPointerException">
      <![CDATA[java.lang.NullPointerException
	at com.uiFramework.KisanForum.KisanNetWeb.testbase.TestBase.beforeClass(TestBase.java:66)
... Removed 24 stack frames]]>
    </failure>
  </testcase> <!-- @BeforeClass beforeClass -->
  <testcase name="@BeforeMethod beforeMethod" time="0.0" classname="com.uiFramework.KisanForum.KisanNetWeb.testScripts.Invitations.FollowChannelInviteToValidNumber">
    <skipped/>
  </testcase> <!-- @BeforeMethod beforeMethod -->
  <testcase name="@AfterMethod afterMethod" time="0.0" classname="com.uiFramework.KisanForum.KisanNetWeb.testScripts.Invitations.FollowChannelInviteToValidNumber">
    <skipped/>
  </testcase> <!-- @AfterMethod afterMethod -->
  <testcase name="@AfterTest afterTest" time="0.0" classname="com.uiFramework.KisanForum.KisanNetWeb.testScripts.Invitations.AppDownloadInviteToInvalidNumber">
    <skipped/>
  </testcase> <!-- @AfterTest afterTest -->
  <testcase name="inviteToFollowChannelWithValidNumber" time="0.001" classname="com.uiFramework.KisanForum.KisanNetWeb.testScripts.Invitations.FollowChannelInviteToValidNumber">
    <skipped/>
  </testcase> <!-- inviteToFollowChannelWithValidNumber -->
</testsuite> <!-- FollowChannelInviteToValidNumber(failed) -->
