<?xml version="1.0" encoding="UTF-8"?>
<!-- Generated by org.testng.reporters.JUnitXMLReporter -->
<testsuite hostname="KisanAbhi-PC" name="Test" tests="72" failures="5" timestamp="13 Nov 2019 08:59:36 GMT" time="2863.267" errors="0">
  <testcase name="@BeforeMethod beforeMethod" time="0.0" classname="com.uiFramework.KisanForum.KisanNetWeb.testScripts.Messaging.SendImageToFollowers">
    <failure type="org.openqa.selenium.TimeoutException" message="timeout
  (Session info: chrome=78.0.3904.97)
  (Driver info: chromedriver=2.38.552522 (437e6fbedfa8762dec75e2c5b3ddb86763dc9dcb),platform=Windows NT 6.1.7601 SP1 x86_64) (WARNING: The server did not provide any stacktrace information)
Command duration or timeout: 0 milliseconds
Build info: version: &amp;apos;3.12.0&amp;apos;, revision: &amp;apos;7c6e0b3&amp;apos;, time: &amp;apos;2018-05-08T14:04:26.12Z&amp;apos;
System info: host: &amp;apos;KISANABHI-PC&amp;apos;, ip: &amp;apos;192.168.0.215&amp;apos;, os.name: &amp;apos;Windows 7&amp;apos;, os.arch: &amp;apos;amd64&amp;apos;, os.version: &amp;apos;6.1&amp;apos;, java.version: &amp;apos;1.8.0_221&amp;apos;
Driver info: org.openqa.selenium.chrome.ChromeDriver
Capabilities {acceptInsecureCerts: false, acceptSslCerts: false, applicationCacheEnabled: false, browserConnectionEnabled: false, browserName: chrome, chrome: {chromedriverVersion: 2.38.552522 (437e6fbedfa876..., userDataDir: C:\Users\KISANA~1\AppData\L...}, cssSelectorsEnabled: true, databaseEnabled: false, handlesAlerts: true, hasTouchScreen: false, javascriptEnabled: true, locationContextEnabled: true, mobileEmulationEnabled: false, nativeEvents: true, networkConnectionEnabled: false, pageLoadStrategy: normal, platform: XP, platformName: XP, rotatable: false, setWindowRect: true, takesHeapSnapshot: true, takesScreenshot: true, unexpectedAlertBehaviour: , unhandledPromptBehavior: , version: 78.0.3904.97, webStorageEnabled: true}
Session ID: 51157a14cedb9a426eba040951d24aba">
      <![CDATA[org.openqa.selenium.TimeoutException: timeout
  (Session info: chrome=78.0.3904.97)
  (Driver info: chromedriver=2.38.552522 (437e6fbedfa8762dec75e2c5b3ddb86763dc9dcb),platform=Windows NT 6.1.7601 SP1 x86_64) (WARNING: The server did not provide any stacktrace information)
Command duration or timeout: 0 milliseconds
Build info: version: '3.12.0', revision: '7c6e0b3', time: '2018-05-08T14:04:26.12Z'
System info: host: 'KISANABHI-PC', ip: '192.168.0.215', os.name: 'Windows 7', os.arch: 'amd64', os.version: '6.1', java.version: '1.8.0_221'
Driver info: org.openqa.selenium.chrome.ChromeDriver
Capabilities {acceptInsecureCerts: false, acceptSslCerts: false, applicationCacheEnabled: false, browserConnectionEnabled: false, browserName: chrome, chrome: {chromedriverVersion: 2.38.552522 (437e6fbedfa876..., userDataDir: C:\Users\KISANA~1\AppData\L...}, cssSelectorsEnabled: true, databaseEnabled: false, handlesAlerts: true, hasTouchScreen: false, javascriptEnabled: true, locationContextEnabled: true, mobileEmulationEnabled: false, nativeEvents: true, networkConnectionEnabled: false, pageLoadStrategy: normal, platform: XP, platformName: XP, rotatable: false, setWindowRect: true, takesHeapSnapshot: true, takesScreenshot: true, unexpectedAlertBehaviour: , unhandledPromptBehavior: , version: 78.0.3904.97, webStorageEnabled: true}
Session ID: 51157a14cedb9a426eba040951d24aba
	at org.openqa.selenium.remote.ErrorHandler.createThrowable(ErrorHandler.java:214)
	at org.openqa.selenium.remote.ErrorHandler.throwIfResponseFailed(ErrorHandler.java:166)
	at org.openqa.selenium.remote.http.JsonHttpResponseCodec.reconstructValue(JsonHttpResponseCodec.java:40)
	at org.openqa.selenium.remote.http.AbstractHttpResponseCodec.decode(AbstractHttpResponseCodec.java:80)
	at org.openqa.selenium.remote.http.AbstractHttpResponseCodec.decode(AbstractHttpResponseCodec.java:44)
	at org.openqa.selenium.remote.HttpCommandExecutor.execute(HttpCommandExecutor.java:158)
	at org.openqa.selenium.remote.service.DriverCommandExecutor.execute(DriverCommandExecutor.java:83)
	at org.openqa.selenium.remote.RemoteWebDriver.execute(RemoteWebDriver.java:543)
	at org.openqa.selenium.remote.RemoteWebDriver.get(RemoteWebDriver.java:271)
	at com.uiFramework.KisanForum.KisanNetWeb.testbase.TestBase.getApplicationUrl(TestBase.java:235)
	at com.uiFramework.KisanForum.KisanNetWeb.testbase.TestBase.beforeMethod(TestBase.java:88)
	at java.util.concurrent.ThreadPoolExecutor.runWorker(Unknown Source)
	at java.util.concurrent.ThreadPoolExecutor$Worker.run(Unknown Source)
	at java.lang.Thread.run(Unknown Source)
... Removed 15 stack frames]]>
    </failure>
  </testcase> <!-- @BeforeMethod beforeMethod -->
  <testcase name="@AfterMethod afterMethod" time="0.0" classname="com.uiFramework.KisanForum.KisanNetWeb.testScripts.Messaging.SendImageToFollowers">
    <skipped/>
  </testcase> <!-- @AfterMethod afterMethod -->
  <testcase name="@BeforeMethod beforeMethod" time="0.0" classname="com.uiFramework.KisanForum.KisanNetWeb.testScripts.Messaging.SendImageToFollowers">
    <skipped/>
  </testcase> <!-- @BeforeMethod beforeMethod -->
  <testcase name="@AfterMethod afterMethod" time="0.0" classname="com.uiFramework.KisanForum.KisanNetWeb.testScripts.Messaging.SendImageToFollowers">
    <skipped/>
  </testcase> <!-- @AfterMethod afterMethod -->
  <testcase name="@BeforeMethod beforeMethod" time="0.0" classname="com.uiFramework.KisanForum.KisanNetWeb.testScripts.Messaging.SendImageToFollowers">
    <skipped/>
  </testcase> <!-- @BeforeMethod beforeMethod -->
  <testcase name="@AfterMethod afterMethod" time="0.0" classname="com.uiFramework.KisanForum.KisanNetWeb.testScripts.Messaging.SendImageToFollowers">
    <skipped/>
  </testcase> <!-- @AfterMethod afterMethod -->
  <testcase name="@BeforeMethod beforeMethod" time="0.0" classname="com.uiFramework.KisanForum.KisanNetWeb.testScripts.Messaging.SendImageToFollowers">
    <skipped/>
  </testcase> <!-- @BeforeMethod beforeMethod -->
  <testcase name="@AfterMethod afterMethod" time="0.0" classname="com.uiFramework.KisanForum.KisanNetWeb.testScripts.Messaging.SendImageToFollowers">
    <skipped/>
  </testcase> <!-- @AfterMethod afterMethod -->
  <testcase name="@BeforeMethod beforeMethod" time="0.0" classname="com.uiFramework.KisanForum.KisanNetWeb.testScripts.Messaging.SendImageToFollowers">
    <skipped/>
  </testcase> <!-- @BeforeMethod beforeMethod -->
  <testcase name="@AfterMethod afterMethod" time="0.0" classname="com.uiFramework.KisanForum.KisanNetWeb.testScripts.Messaging.SendImageToFollowers">
    <skipped/>
  </testcase> <!-- @AfterMethod afterMethod -->
  <testcase name="@BeforeMethod beforeMethod" time="0.0" classname="com.uiFramework.KisanForum.KisanNetWeb.testScripts.Messaging.SendImageToFollowers">
    <skipped/>
  </testcase> <!-- @BeforeMethod beforeMethod -->
  <testcase name="@AfterMethod afterMethod" time="0.0" classname="com.uiFramework.KisanForum.KisanNetWeb.testScripts.Messaging.SendImageToFollowers">
    <skipped/>
  </testcase> <!-- @AfterMethod afterMethod -->
  <testcase name="@BeforeMethod beforeMethod" time="0.0" classname="com.uiFramework.KisanForum.KisanNetWeb.testScripts.EditProfile.EditChannelProfile">
    <skipped/>
  </testcase> <!-- @BeforeMethod beforeMethod -->
  <testcase name="@AfterMethod afterMethod" time="0.0" classname="com.uiFramework.KisanForum.KisanNetWeb.testScripts.EditProfile.EditChannelProfile">
    <skipped/>
  </testcase> <!-- @AfterMethod afterMethod -->
  <testcase name="@BeforeMethod beforeMethod" time="0.0" classname="com.uiFramework.KisanForum.KisanNetWeb.testScripts.EditProfile.EditChannelProfile">
    <skipped/>
  </testcase> <!-- @BeforeMethod beforeMethod -->
  <testcase name="@AfterMethod afterMethod" time="0.0" classname="com.uiFramework.KisanForum.KisanNetWeb.testScripts.EditProfile.EditChannelProfile">
    <skipped/>
  </testcase> <!-- @AfterMethod afterMethod -->
  <testcase name="@BeforeMethod beforeMethod" time="0.0" classname="com.uiFramework.KisanForum.KisanNetWeb.testScripts.EditProfile.EditChannelProfile">
    <skipped/>
  </testcase> <!-- @BeforeMethod beforeMethod -->
  <testcase name="@AfterMethod afterMethod" time="0.0" classname="com.uiFramework.KisanForum.KisanNetWeb.testScripts.EditProfile.EditChannelProfile">
    <skipped/>
  </testcase> <!-- @AfterMethod afterMethod -->
  <testcase name="@BeforeMethod beforeMethod" time="0.0" classname="com.uiFramework.KisanForum.KisanNetWeb.testScripts.EditProfile.EditChannelProfile">
    <skipped/>
  </testcase> <!-- @BeforeMethod beforeMethod -->
  <testcase name="@AfterMethod afterMethod" time="0.0" classname="com.uiFramework.KisanForum.KisanNetWeb.testScripts.EditProfile.EditChannelProfile">
    <skipped/>
  </testcase> <!-- @AfterMethod afterMethod -->
  <testcase name="@BeforeMethod beforeMethod" time="0.0" classname="com.uiFramework.KisanForum.KisanNetWeb.testScripts.Verifications.VerifySupportPage">
    <skipped/>
  </testcase> <!-- @BeforeMethod beforeMethod -->
  <testcase name="@AfterMethod afterMethod" time="0.0" classname="com.uiFramework.KisanForum.KisanNetWeb.testScripts.Verifications.VerifySupportPage">
    <skipped/>
  </testcase> <!-- @AfterMethod afterMethod -->
  <testcase name="@BeforeMethod beforeMethod" time="0.0" classname="com.uiFramework.KisanForum.KisanNetWeb.testScripts.Verifications.VerifySupportPage">
    <skipped/>
  </testcase> <!-- @BeforeMethod beforeMethod -->
  <testcase name="@AfterMethod afterMethod" time="0.0" classname="com.uiFramework.KisanForum.KisanNetWeb.testScripts.Verifications.VerifySupportPage">
    <skipped/>
  </testcase> <!-- @AfterMethod afterMethod -->
  <testcase name="@BeforeMethod beforeMethod" time="0.0" classname="com.uiFramework.KisanForum.KisanNetWeb.testScripts.Messaging.SendLocationToFollowers">
    <skipped/>
  </testcase> <!-- @BeforeMethod beforeMethod -->
  <testcase name="@AfterMethod afterMethod" time="0.0" classname="com.uiFramework.KisanForum.KisanNetWeb.testScripts.Messaging.SendLocationToFollowers">
    <skipped/>
  </testcase> <!-- @AfterMethod afterMethod -->
  <testcase name="@BeforeMethod beforeMethod" time="0.0" classname="com.uiFramework.KisanForum.KisanNetWeb.testScripts.Messaging.SendLocationToFollowers">
    <skipped/>
  </testcase> <!-- @BeforeMethod beforeMethod -->
  <testcase name="@AfterMethod afterMethod" time="0.0" classname="com.uiFramework.KisanForum.KisanNetWeb.testScripts.Messaging.SendLocationToFollowers">
    <skipped/>
  </testcase> <!-- @AfterMethod afterMethod -->
  <testcase name="@BeforeMethod beforeMethod" time="0.0" classname="com.uiFramework.KisanForum.KisanNetWeb.testScripts.Messaging.SendLocationToFollowers">
    <skipped/>
  </testcase> <!-- @BeforeMethod beforeMethod -->
  <testcase name="@AfterMethod afterMethod" time="0.0" classname="com.uiFramework.KisanForum.KisanNetWeb.testScripts.Messaging.SendLocationToFollowers">
    <skipped/>
  </testcase> <!-- @AfterMethod afterMethod -->
  <testcase name="@BeforeMethod beforeMethod" time="0.0" classname="com.uiFramework.KisanForum.KisanNetWeb.testScripts.Messaging.SendLocationToFollowers">
    <skipped/>
  </testcase> <!-- @BeforeMethod beforeMethod -->
  <testcase name="@AfterMethod afterMethod" time="0.0" classname="com.uiFramework.KisanForum.KisanNetWeb.testScripts.Messaging.SendLocationToFollowers">
    <skipped/>
  </testcase> <!-- @AfterMethod afterMethod -->
  <testcase name="@BeforeMethod beforeMethod" time="0.0" classname="com.uiFramework.KisanForum.KisanNetWeb.testScripts.Messaging.SendLocationToFollowers">
    <skipped/>
  </testcase> <!-- @BeforeMethod beforeMethod -->
  <testcase name="@AfterMethod afterMethod" time="0.0" classname="com.uiFramework.KisanForum.KisanNetWeb.testScripts.Messaging.SendLocationToFollowers">
    <skipped/>
  </testcase> <!-- @AfterMethod afterMethod -->
  <testcase name="@BeforeMethod beforeMethod" time="0.0" classname="com.uiFramework.KisanForum.KisanNetWeb.testScripts.Messaging.SendLocationToFollowers">
    <skipped/>
  </testcase> <!-- @BeforeMethod beforeMethod -->
  <testcase name="@AfterMethod afterMethod" time="0.0" classname="com.uiFramework.KisanForum.KisanNetWeb.testScripts.Messaging.SendLocationToFollowers">
    <skipped/>
  </testcase> <!-- @AfterMethod afterMethod -->
  <testcase name="@BeforeMethod beforeMethod" time="0.0" classname="com.uiFramework.KisanForum.KisanNetWeb.testScripts.Search.SearchExistingChannelOnHomePage">
    <skipped/>
  </testcase> <!-- @BeforeMethod beforeMethod -->
  <testcase name="@AfterMethod afterMethod" time="0.0" classname="com.uiFramework.KisanForum.KisanNetWeb.testScripts.Search.SearchExistingChannelOnHomePage">
    <skipped/>
  </testcase> <!-- @AfterMethod afterMethod -->
  <testcase name="@BeforeMethod beforeMethod" time="0.0" classname="com.uiFramework.KisanForum.KisanNetWeb.testScripts.Search.SearchExistingChannelOnHomePage">
    <skipped/>
  </testcase> <!-- @BeforeMethod beforeMethod -->
  <testcase name="@AfterMethod afterMethod" time="0.0" classname="com.uiFramework.KisanForum.KisanNetWeb.testScripts.Search.SearchExistingChannelOnHomePage">
    <skipped/>
  </testcase> <!-- @AfterMethod afterMethod -->
  <testcase name="@BeforeMethod beforeMethod" time="0.0" classname="com.uiFramework.KisanForum.KisanNetWeb.testScripts.Search.SearchExistingChannelOnHomePage">
    <skipped/>
  </testcase> <!-- @BeforeMethod beforeMethod -->
  <testcase name="@AfterMethod afterMethod" time="0.0" classname="com.uiFramework.KisanForum.KisanNetWeb.testScripts.Search.SearchExistingChannelOnHomePage">
    <skipped/>
  </testcase> <!-- @AfterMethod afterMethod -->
  <testcase name="@BeforeMethod beforeMethod" time="0.0" classname="com.uiFramework.KisanForum.KisanNetWeb.testScripts.Search.SearchExistingChannelOnHomePage">
    <skipped/>
  </testcase> <!-- @BeforeMethod beforeMethod -->
  <testcase name="@AfterMethod afterMethod" time="0.0" classname="com.uiFramework.KisanForum.KisanNetWeb.testScripts.Search.SearchExistingChannelOnHomePage">
    <skipped/>
  </testcase> <!-- @AfterMethod afterMethod -->
  <testcase name="@BeforeMethod beforeMethod" time="0.0" classname="com.uiFramework.KisanForum.KisanNetWeb.testScripts.loginPage.LoginTest">
    <skipped/>
  </testcase> <!-- @BeforeMethod beforeMethod -->
  <testcase name="@AfterMethod afterMethod" time="0.0" classname="com.uiFramework.KisanForum.KisanNetWeb.testScripts.loginPage.LoginTest">
    <skipped/>
  </testcase> <!-- @AfterMethod afterMethod -->
  <testcase name="@BeforeMethod beforeMethod" time="0.0" classname="com.uiFramework.KisanForum.KisanNetWeb.testScripts.loginPage.LoginTest">
    <skipped/>
  </testcase> <!-- @BeforeMethod beforeMethod -->
  <testcase name="@AfterMethod afterMethod" time="0.0" classname="com.uiFramework.KisanForum.KisanNetWeb.testScripts.loginPage.LoginTest">
    <skipped/>
  </testcase> <!-- @AfterMethod afterMethod -->
  <testcase name="@BeforeMethod beforeMethod" time="0.0" classname="com.uiFramework.KisanForum.KisanNetWeb.testScripts.Search.SearchExistingChannelOnDiscoverPage">
    <skipped/>
  </testcase> <!-- @BeforeMethod beforeMethod -->
  <testcase name="@AfterMethod afterMethod" time="0.0" classname="com.uiFramework.KisanForum.KisanNetWeb.testScripts.Search.SearchExistingChannelOnDiscoverPage">
    <skipped/>
  </testcase> <!-- @AfterMethod afterMethod -->
  <testcase name="@BeforeMethod beforeMethod" time="0.0" classname="com.uiFramework.KisanForum.KisanNetWeb.testScripts.Search.SearchExistingChannelOnDiscoverPage">
    <skipped/>
  </testcase> <!-- @BeforeMethod beforeMethod -->
  <testcase name="@AfterMethod afterMethod" time="0.0" classname="com.uiFramework.KisanForum.KisanNetWeb.testScripts.Search.SearchExistingChannelOnDiscoverPage">
    <skipped/>
  </testcase> <!-- @AfterMethod afterMethod -->
  <testcase name="@BeforeMethod beforeMethod" time="0.0" classname="com.uiFramework.KisanForum.KisanNetWeb.testScripts.Search.SearchExistingChannelOnDiscoverPage">
    <skipped/>
  </testcase> <!-- @BeforeMethod beforeMethod -->
  <testcase name="@AfterMethod afterMethod" time="0.0" classname="com.uiFramework.KisanForum.KisanNetWeb.testScripts.Search.SearchExistingChannelOnDiscoverPage">
    <skipped/>
  </testcase> <!-- @AfterMethod afterMethod -->
  <testcase name="@BeforeMethod beforeMethod" time="0.0" classname="com.uiFramework.KisanForum.KisanNetWeb.testScripts.Search.SearchExistingChannelOnDiscoverPage">
    <skipped/>
  </testcase> <!-- @BeforeMethod beforeMethod -->
  <testcase name="@AfterMethod afterMethod" time="0.0" classname="com.uiFramework.KisanForum.KisanNetWeb.testScripts.Search.SearchExistingChannelOnDiscoverPage">
    <skipped/>
  </testcase> <!-- @AfterMethod afterMethod -->
  <testcase name="@BeforeMethod beforeMethod" time="0.0" classname="com.uiFramework.KisanForum.KisanNetWeb.testScripts.Messaging.SendVideoToFollowers">
    <skipped/>
  </testcase> <!-- @BeforeMethod beforeMethod -->
  <testcase name="@AfterMethod afterMethod" time="0.0" classname="com.uiFramework.KisanForum.KisanNetWeb.testScripts.Messaging.SendVideoToFollowers">
    <skipped/>
  </testcase> <!-- @AfterMethod afterMethod -->
  <testcase name="@BeforeMethod beforeMethod" time="0.0" classname="com.uiFramework.KisanForum.KisanNetWeb.testScripts.Messaging.SendVideoToFollowers">
    <skipped/>
  </testcase> <!-- @BeforeMethod beforeMethod -->
  <testcase name="@AfterMethod afterMethod" time="0.0" classname="com.uiFramework.KisanForum.KisanNetWeb.testScripts.Messaging.SendVideoToFollowers">
    <skipped/>
  </testcase> <!-- @AfterMethod afterMethod -->
  <testcase name="@BeforeMethod beforeMethod" time="0.0" classname="com.uiFramework.KisanForum.KisanNetWeb.testScripts.Messaging.SendVideoToFollowers">
    <skipped/>
  </testcase> <!-- @BeforeMethod beforeMethod -->
  <testcase name="@AfterMethod afterMethod" time="0.0" classname="com.uiFramework.KisanForum.KisanNetWeb.testScripts.Messaging.SendVideoToFollowers">
    <skipped/>
  </testcase> <!-- @AfterMethod afterMethod -->
  <testcase name="@BeforeMethod beforeMethod" time="0.0" classname="com.uiFramework.KisanForum.KisanNetWeb.testScripts.Messaging.SendVideoToFollowers">
    <skipped/>
  </testcase> <!-- @BeforeMethod beforeMethod -->
  <testcase name="@AfterMethod afterMethod" time="0.0" classname="com.uiFramework.KisanForum.KisanNetWeb.testScripts.Messaging.SendVideoToFollowers">
    <skipped/>
  </testcase> <!-- @AfterMethod afterMethod -->
  <testcase name="@BeforeMethod beforeMethod" time="0.0" classname="com.uiFramework.KisanForum.KisanNetWeb.testScripts.Messaging.SendVideoToFollowers">
    <skipped/>
  </testcase> <!-- @BeforeMethod beforeMethod -->
  <testcase name="@AfterMethod afterMethod" time="0.0" classname="com.uiFramework.KisanForum.KisanNetWeb.testScripts.Messaging.SendVideoToFollowers">
    <skipped/>
  </testcase> <!-- @AfterMethod afterMethod -->
  <testcase name="@BeforeMethod beforeMethod" time="0.0" classname="com.uiFramework.KisanForum.KisanNetWeb.testScripts.Messaging.SendVideoToFollowers">
    <skipped/>
  </testcase> <!-- @BeforeMethod beforeMethod -->
  <testcase name="@AfterMethod afterMethod" time="0.0" classname="com.uiFramework.KisanForum.KisanNetWeb.testScripts.Messaging.SendVideoToFollowers">
    <skipped/>
  </testcase> <!-- @AfterMethod afterMethod -->
  <testcase name="@BeforeMethod beforeMethod" time="0.0" classname="com.uiFramework.KisanForum.KisanNetWeb.testScripts.Search.SearchNonExistingChannelOnHomePage">
    <skipped/>
  </testcase> <!-- @BeforeMethod beforeMethod -->
  <testcase name="@AfterMethod afterMethod" time="0.0" classname="com.uiFramework.KisanForum.KisanNetWeb.testScripts.Search.SearchNonExistingChannelOnHomePage">
    <skipped/>
  </testcase> <!-- @AfterMethod afterMethod -->
  <testcase name="@BeforeMethod beforeMethod" time="0.0" classname="com.uiFramework.KisanForum.KisanNetWeb.testScripts.Search.SearchNonExistingChannelOnHomePage">
    <skipped/>
  </testcase> <!-- @BeforeMethod beforeMethod -->
  <testcase name="@AfterMethod afterMethod" time="0.0" classname="com.uiFramework.KisanForum.KisanNetWeb.testScripts.Search.SearchNonExistingChannelOnHomePage">
    <skipped/>
  </testcase> <!-- @AfterMethod afterMethod -->
  <testcase name="@BeforeMethod beforeMethod" time="0.0" classname="com.uiFramework.KisanForum.KisanNetWeb.testScripts.Search.SearchNonExistingChannelOnHomePage">
    <skipped/>
  </testcase> <!-- @BeforeMethod beforeMethod -->
  <testcase name="@AfterMethod afterMethod" time="0.0" classname="com.uiFramework.KisanForum.KisanNetWeb.testScripts.Search.SearchNonExistingChannelOnHomePage">
    <skipped/>
  </testcase> <!-- @AfterMethod afterMethod -->
  <testcase name="@BeforeMethod beforeMethod" time="0.0" classname="com.uiFramework.KisanForum.KisanNetWeb.testScripts.Search.SearchNonExistingChannelOnHomePage">
    <skipped/>
  </testcase> <!-- @BeforeMethod beforeMethod -->
  <testcase name="@AfterMethod afterMethod" time="0.0" classname="com.uiFramework.KisanForum.KisanNetWeb.testScripts.Search.SearchNonExistingChannelOnHomePage">
    <skipped/>
  </testcase> <!-- @AfterMethod afterMethod -->
  <testcase name="@BeforeMethod beforeMethod" time="0.0" classname="com.uiFramework.KisanForum.KisanNetWeb.testScripts.loginPage.Logout">
    <skipped/>
  </testcase> <!-- @BeforeMethod beforeMethod -->
  <testcase name="@AfterMethod afterMethod" time="0.0" classname="com.uiFramework.KisanForum.KisanNetWeb.testScripts.loginPage.Logout">
    <skipped/>
  </testcase> <!-- @AfterMethod afterMethod -->
  <testcase name="@BeforeMethod beforeMethod" time="0.0" classname="com.uiFramework.KisanForum.KisanNetWeb.testScripts.loginPage.Logout">
    <skipped/>
  </testcase> <!-- @BeforeMethod beforeMethod -->
  <testcase name="@AfterMethod afterMethod" time="0.0" classname="com.uiFramework.KisanForum.KisanNetWeb.testScripts.loginPage.Logout">
    <skipped/>
  </testcase> <!-- @AfterMethod afterMethod -->
  <testcase name="@BeforeMethod beforeMethod" time="0.0" classname="com.uiFramework.KisanForum.KisanNetWeb.testScripts.Verifications.verifyTitle">
    <skipped/>
  </testcase> <!-- @BeforeMethod beforeMethod -->
  <testcase name="@AfterMethod afterMethod" time="0.0" classname="com.uiFramework.KisanForum.KisanNetWeb.testScripts.Verifications.verifyTitle">
    <skipped/>
  </testcase> <!-- @AfterMethod afterMethod -->
  <testcase name="@BeforeMethod beforeMethod" time="0.0" classname="com.uiFramework.KisanForum.KisanNetWeb.testScripts.Verifications.verifyTitle">
    <skipped/>
  </testcase> <!-- @BeforeMethod beforeMethod -->
  <testcase name="@AfterMethod afterMethod" time="0.0" classname="com.uiFramework.KisanForum.KisanNetWeb.testScripts.Verifications.verifyTitle">
    <skipped/>
  </testcase> <!-- @AfterMethod afterMethod -->
  <testcase name="@BeforeMethod beforeMethod" time="0.0" classname="com.uiFramework.KisanForum.KisanNetWeb.testScripts.Messaging.SendDocumentToFollowers">
    <skipped/>
  </testcase> <!-- @BeforeMethod beforeMethod -->
  <testcase name="@AfterMethod afterMethod" time="0.0" classname="com.uiFramework.KisanForum.KisanNetWeb.testScripts.Messaging.SendDocumentToFollowers">
    <skipped/>
  </testcase> <!-- @AfterMethod afterMethod -->
  <testcase name="@BeforeMethod beforeMethod" time="0.0" classname="com.uiFramework.KisanForum.KisanNetWeb.testScripts.Messaging.SendDocumentToFollowers">
    <skipped/>
  </testcase> <!-- @BeforeMethod beforeMethod -->
  <testcase name="@AfterMethod afterMethod" time="0.0" classname="com.uiFramework.KisanForum.KisanNetWeb.testScripts.Messaging.SendDocumentToFollowers">
    <skipped/>
  </testcase> <!-- @AfterMethod afterMethod -->
  <testcase name="@BeforeMethod beforeMethod" time="0.0" classname="com.uiFramework.KisanForum.KisanNetWeb.testScripts.Messaging.SendDocumentToFollowers">
    <skipped/>
  </testcase> <!-- @BeforeMethod beforeMethod -->
  <testcase name="@AfterMethod afterMethod" time="0.0" classname="com.uiFramework.KisanForum.KisanNetWeb.testScripts.Messaging.SendDocumentToFollowers">
    <skipped/>
  </testcase> <!-- @AfterMethod afterMethod -->
  <testcase name="@BeforeMethod beforeMethod" time="0.0" classname="com.uiFramework.KisanForum.KisanNetWeb.testScripts.Messaging.SendDocumentToFollowers">
    <skipped/>
  </testcase> <!-- @BeforeMethod beforeMethod -->
  <testcase name="@AfterMethod afterMethod" time="0.0" classname="com.uiFramework.KisanForum.KisanNetWeb.testScripts.Messaging.SendDocumentToFollowers">
    <skipped/>
  </testcase> <!-- @AfterMethod afterMethod -->
  <testcase name="@BeforeMethod beforeMethod" time="0.0" classname="com.uiFramework.KisanForum.KisanNetWeb.testScripts.Messaging.SendDocumentToFollowers">
    <skipped/>
  </testcase> <!-- @BeforeMethod beforeMethod -->
  <testcase name="@AfterMethod afterMethod" time="0.0" classname="com.uiFramework.KisanForum.KisanNetWeb.testScripts.Messaging.SendDocumentToFollowers">
    <skipped/>
  </testcase> <!-- @AfterMethod afterMethod -->
  <testcase name="@BeforeMethod beforeMethod" time="0.0" classname="com.uiFramework.KisanForum.KisanNetWeb.testScripts.Messaging.SendDocumentToFollowers">
    <skipped/>
  </testcase> <!-- @BeforeMethod beforeMethod -->
  <testcase name="@AfterMethod afterMethod" time="0.0" classname="com.uiFramework.KisanForum.KisanNetWeb.testScripts.Messaging.SendDocumentToFollowers">
    <skipped/>
  </testcase> <!-- @AfterMethod afterMethod -->
  <testcase name="sendImagePostToFollowers" time="0.008" classname="com.uiFramework.KisanForum.KisanNetWeb.testScripts.Messaging.SendPostToFollowers">
    <skipped/>
  </testcase> <!-- sendImagePostToFollowers -->
  <testcase name="sendImagePostToFollowers" time="0.027" classname="com.uiFramework.KisanForum.KisanNetWeb.testScripts.Messaging.SendPostToFollowers">
    <skipped/>
  </testcase> <!-- sendImagePostToFollowers -->
  <testcase name="sendImagePostToFollowers" time="0.0" classname="com.uiFramework.KisanForum.KisanNetWeb.testScripts.Messaging.SendPostToFollowers">
    <skipped/>
  </testcase> <!-- sendImagePostToFollowers -->
  <testcase name="sendImagePostToFollowers" time="0.0" classname="com.uiFramework.KisanForum.KisanNetWeb.testScripts.Messaging.SendPostToFollowers">
    <skipped/>
  </testcase> <!-- sendImagePostToFollowers -->
  <testcase name="sendImagePostToFollowers" time="0.002" classname="com.uiFramework.KisanForum.KisanNetWeb.testScripts.Messaging.SendPostToFollowers">
    <skipped/>
  </testcase> <!-- sendImagePostToFollowers -->
  <testcase name="sendImagePostToFollowers" time="150.33" classname="com.uiFramework.KisanForum.KisanNetWeb.testScripts.Messaging.SendPostToFollowers">
    <failure type="org.openqa.selenium.TimeoutException" message="Expected condition failed: waiting for visibility of Proxy element for: DefaultElementLocator &amp;apos;By.xpath: //a[contains(text(),&amp;apos;Post&amp;apos;)]&amp;apos; (tried for 15 second(s) with 500 milliseconds interval)">
      <![CDATA[org.openqa.selenium.TimeoutException: Expected condition failed: waiting for visibility of Proxy element for: DefaultElementLocator 'By.xpath: //a[contains(text(),'Post')]' (tried for 15 second(s) with 500 milliseconds interval)
	at org.openqa.selenium.support.ui.WebDriverWait.timeoutException(WebDriverWait.java:81)
	at org.openqa.selenium.support.ui.FluentWait.until(FluentWait.java:271)
	at com.uiFramework.KisanForum.KisanNetWeb.helper.wait.WaitHelper.waitForElementVisible(WaitHelper.java:167)
	at com.uiFramework.KisanForum.KisanNetWeb.pageObject.ChannelChatWindow.clickOnPostOption(ChannelChatWindow.java:305)
	at com.uiFramework.KisanForum.KisanNetWeb.testScripts.Messaging.SendPostToFollowers.sendImagePostToFollowers(SendPostToFollowers.java:33)
	at java.util.concurrent.ThreadPoolExecutor.runWorker(Unknown Source)
	at java.util.concurrent.ThreadPoolExecutor$Worker.run(Unknown Source)
	at java.lang.Thread.run(Unknown Source)
Caused by: org.openqa.selenium.NoSuchElementException: no such element: Unable to locate element: {"method":"xpath","selector":"//a[contains(text(),'Post')]"}
  (Session info: chrome=78.0.3904.97)
  (Driver info: chromedriver=2.38.552522 (437e6fbedfa8762dec75e2c5b3ddb86763dc9dcb),platform=Windows NT 6.1.7601 SP1 x86_64) (WARNING: The server did not provide any stacktrace information)
Command duration or timeout: 0 milliseconds
For documentation on this error, please visit: http://seleniumhq.org/exceptions/no_such_element.html
Build info: version: '3.12.0', revision: '7c6e0b3', time: '2018-05-08T14:04:26.12Z'
System info: host: 'KISANABHI-PC', ip: '192.168.0.215', os.name: 'Windows 7', os.arch: 'amd64', os.version: '6.1', java.version: '1.8.0_221'
Driver info: org.openqa.selenium.chrome.ChromeDriver
Capabilities {acceptInsecureCerts: false, acceptSslCerts: false, applicationCacheEnabled: false, browserConnectionEnabled: false, browserName: chrome, chrome: {chromedriverVersion: 2.38.552522 (437e6fbedfa876..., userDataDir: C:\Users\KISANA~1\AppData\L...}, cssSelectorsEnabled: true, databaseEnabled: false, handlesAlerts: true, hasTouchScreen: false, javascriptEnabled: true, locationContextEnabled: true, mobileEmulationEnabled: false, nativeEvents: true, networkConnectionEnabled: false, pageLoadStrategy: normal, platform: XP, platformName: XP, rotatable: false, setWindowRect: true, takesHeapSnapshot: true, takesScreenshot: true, unexpectedAlertBehaviour: , unhandledPromptBehavior: , version: 78.0.3904.97, webStorageEnabled: true}
Session ID: 3aec6215d6f8647f666066aba191bf06
*** Element info: {Using=xpath, value=//a[contains(text(),'Post')]}
	at org.openqa.selenium.remote.ErrorHandler.createThrowable(ErrorHandler.java:214)
	at org.openqa.selenium.remote.ErrorHandler.throwIfResponseFailed(ErrorHandler.java:166)
	at org.openqa.selenium.remote.http.JsonHttpResponseCodec.reconstructValue(JsonHttpResponseCodec.java:40)
	at org.openqa.selenium.remote.http.AbstractHttpResponseCodec.decode(AbstractHttpResponseCodec.java:80)
	at org.openqa.selenium.remote.http.AbstractHttpResponseCodec.decode(AbstractHttpResponseCodec.java:44)
	at org.openqa.selenium.remote.HttpCommandExecutor.execute(HttpCommandExecutor.java:158)
	at org.openqa.selenium.remote.service.DriverCommandExecutor.execute(DriverCommandExecutor.java:83)
	at org.openqa.selenium.remote.RemoteWebDriver.execute(RemoteWebDriver.java:543)
	at org.openqa.selenium.remote.RemoteWebDriver.findElement(RemoteWebDriver.java:317)
	at org.openqa.selenium.remote.RemoteWebDriver.findElementByXPath(RemoteWebDriver.java:419)
	at org.openqa.selenium.By$ByXPath.findElement(By.java:353)
	at org.openqa.selenium.remote.RemoteWebDriver.findElement(RemoteWebDriver.java:309)
	at org.openqa.selenium.support.pagefactory.DefaultElementLocator.findElement(DefaultElementLocator.java:69)
	at org.openqa.selenium.support.pagefactory.internal.LocatingElementHandler.invoke(LocatingElementHandler.java:38)
	at com.sun.proxy.$Proxy11.isDisplayed(Unknown Source)
	at org.openqa.selenium.support.ui.ExpectedConditions.elementIfVisible(ExpectedConditions.java:315)
	at org.openqa.selenium.support.ui.ExpectedConditions.access$100(ExpectedConditions.java:44)
	at org.openqa.selenium.support.ui.ExpectedConditions$10.apply(ExpectedConditions.java:301)
	at org.openqa.selenium.support.ui.ExpectedConditions$10.apply(ExpectedConditions.java:298)
	at org.openqa.selenium.support.ui.FluentWait.until(FluentWait.java:248)
	... 16 more
... Removed 14 stack frames]]>
    </failure>
  </testcase> <!-- sendImagePostToFollowers -->
  <testcase name="sendVideoPostToFollowers" time="0.002" classname="com.uiFramework.KisanForum.KisanNetWeb.testScripts.Messaging.SendPostToFollowers">
    <skipped/>
  </testcase> <!-- sendVideoPostToFollowers -->
  <testcase name="sendVideoPostToFollowers" time="0.002" classname="com.uiFramework.KisanForum.KisanNetWeb.testScripts.Messaging.SendPostToFollowers">
    <skipped/>
  </testcase> <!-- sendVideoPostToFollowers -->
  <testcase name="sendVideoPostToFollowers" time="0.003" classname="com.uiFramework.KisanForum.KisanNetWeb.testScripts.Messaging.SendPostToFollowers">
    <skipped/>
  </testcase> <!-- sendVideoPostToFollowers -->
  <testcase name="sendVideoPostToFollowers" time="0.0" classname="com.uiFramework.KisanForum.KisanNetWeb.testScripts.Messaging.SendPostToFollowers">
    <skipped/>
  </testcase> <!-- sendVideoPostToFollowers -->
  <testcase name="sendVideoPostToFollowers" time="0.0" classname="com.uiFramework.KisanForum.KisanNetWeb.testScripts.Messaging.SendPostToFollowers">
    <skipped/>
  </testcase> <!-- sendVideoPostToFollowers -->
  <testcase name="sendVideoPostToFollowers" time="101.151" classname="com.uiFramework.KisanForum.KisanNetWeb.testScripts.Messaging.SendPostToFollowers">
    <failure type="org.openqa.selenium.NoSuchElementException" message="no such element: Unable to locate element: {&amp;quot;method&amp;quot;:&amp;quot;css selector&amp;quot;,&amp;quot;selector&amp;quot;:&amp;quot;.zmdi.zmdi-attachment-alt&amp;quot;}
  (Session info: chrome=78.0.3904.97)
  (Driver info: chromedriver=2.38.552522 (437e6fbedfa8762dec75e2c5b3ddb86763dc9dcb),platform=Windows NT 6.1.7601 SP1 x86_64) (WARNING: The server did not provide any stacktrace information)
Command duration or timeout: 0 milliseconds
For documentation on this error, please visit: http://seleniumhq.org/exceptions/no_such_element.html
Build info: version: &amp;apos;3.12.0&amp;apos;, revision: &amp;apos;7c6e0b3&amp;apos;, time: &amp;apos;2018-05-08T14:04:26.12Z&amp;apos;
System info: host: &amp;apos;KISANABHI-PC&amp;apos;, ip: &amp;apos;192.168.0.215&amp;apos;, os.name: &amp;apos;Windows 7&amp;apos;, os.arch: &amp;apos;amd64&amp;apos;, os.version: &amp;apos;6.1&amp;apos;, java.version: &amp;apos;1.8.0_221&amp;apos;
Driver info: org.openqa.selenium.chrome.ChromeDriver
Capabilities {acceptInsecureCerts: false, acceptSslCerts: false, applicationCacheEnabled: false, browserConnectionEnabled: false, browserName: chrome, chrome: {chromedriverVersion: 2.38.552522 (437e6fbedfa876..., userDataDir: C:\Users\KISANA~1\AppData\L...}, cssSelectorsEnabled: true, databaseEnabled: false, handlesAlerts: true, hasTouchScreen: false, javascriptEnabled: true, locationContextEnabled: true, mobileEmulationEnabled: false, nativeEvents: true, networkConnectionEnabled: false, pageLoadStrategy: normal, platform: XP, platformName: XP, rotatable: false, setWindowRect: true, takesHeapSnapshot: true, takesScreenshot: true, unexpectedAlertBehaviour: , unhandledPromptBehavior: , version: 78.0.3904.97, webStorageEnabled: true}
Session ID: 97f98ec7521086fd5ca9b609e1fb444a
*** Element info: {Using=css selector, value=.zmdi.zmdi-attachment-alt}">
      <![CDATA[org.openqa.selenium.NoSuchElementException: no such element: Unable to locate element: {"method":"css selector","selector":".zmdi.zmdi-attachment-alt"}
  (Session info: chrome=78.0.3904.97)
  (Driver info: chromedriver=2.38.552522 (437e6fbedfa8762dec75e2c5b3ddb86763dc9dcb),platform=Windows NT 6.1.7601 SP1 x86_64) (WARNING: The server did not provide any stacktrace information)
Command duration or timeout: 0 milliseconds
For documentation on this error, please visit: http://seleniumhq.org/exceptions/no_such_element.html
Build info: version: '3.12.0', revision: '7c6e0b3', time: '2018-05-08T14:04:26.12Z'
System info: host: 'KISANABHI-PC', ip: '192.168.0.215', os.name: 'Windows 7', os.arch: 'amd64', os.version: '6.1', java.version: '1.8.0_221'
Driver info: org.openqa.selenium.chrome.ChromeDriver
Capabilities {acceptInsecureCerts: false, acceptSslCerts: false, applicationCacheEnabled: false, browserConnectionEnabled: false, browserName: chrome, chrome: {chromedriverVersion: 2.38.552522 (437e6fbedfa876..., userDataDir: C:\Users\KISANA~1\AppData\L...}, cssSelectorsEnabled: true, databaseEnabled: false, handlesAlerts: true, hasTouchScreen: false, javascriptEnabled: true, locationContextEnabled: true, mobileEmulationEnabled: false, nativeEvents: true, networkConnectionEnabled: false, pageLoadStrategy: normal, platform: XP, platformName: XP, rotatable: false, setWindowRect: true, takesHeapSnapshot: true, takesScreenshot: true, unexpectedAlertBehaviour: , unhandledPromptBehavior: , version: 78.0.3904.97, webStorageEnabled: true}
Session ID: 97f98ec7521086fd5ca9b609e1fb444a
*** Element info: {Using=css selector, value=.zmdi.zmdi-attachment-alt}
	at org.openqa.selenium.remote.ErrorHandler.createThrowable(ErrorHandler.java:214)
	at org.openqa.selenium.remote.ErrorHandler.throwIfResponseFailed(ErrorHandler.java:166)
	at org.openqa.selenium.remote.http.JsonHttpResponseCodec.reconstructValue(JsonHttpResponseCodec.java:40)
	at org.openqa.selenium.remote.http.AbstractHttpResponseCodec.decode(AbstractHttpResponseCodec.java:80)
	at org.openqa.selenium.remote.http.AbstractHttpResponseCodec.decode(AbstractHttpResponseCodec.java:44)
	at org.openqa.selenium.remote.HttpCommandExecutor.execute(HttpCommandExecutor.java:158)
	at org.openqa.selenium.remote.service.DriverCommandExecutor.execute(DriverCommandExecutor.java:83)
	at org.openqa.selenium.remote.RemoteWebDriver.execute(RemoteWebDriver.java:543)
	at org.openqa.selenium.remote.RemoteWebDriver.findElement(RemoteWebDriver.java:317)
	at org.openqa.selenium.remote.RemoteWebDriver.findElementByCssSelector(RemoteWebDriver.java:411)
	at org.openqa.selenium.By$ByCssSelector.findElement(By.java:431)
	at org.openqa.selenium.remote.RemoteWebDriver.findElement(RemoteWebDriver.java:309)
	at org.openqa.selenium.support.pagefactory.DefaultElementLocator.findElement(DefaultElementLocator.java:69)
	at org.openqa.selenium.support.pagefactory.internal.LocatingElementHandler.invoke(LocatingElementHandler.java:38)
	at com.sun.proxy.$Proxy11.click(Unknown Source)
	at com.uiFramework.KisanForum.KisanNetWeb.pageObject.ChannelChatWindow.clickOnAttachmentPin(ChannelChatWindow.java:203)
	at com.uiFramework.KisanForum.KisanNetWeb.testScripts.Messaging.SendPostToFollowers.sendVideoPostToFollowers(SendPostToFollowers.java:63)
	at java.util.concurrent.ThreadPoolExecutor.runWorker(Unknown Source)
	at java.util.concurrent.ThreadPoolExecutor$Worker.run(Unknown Source)
	at java.lang.Thread.run(Unknown Source)
... Removed 14 stack frames]]>
    </failure>
  </testcase> <!-- sendVideoPostToFollowers -->
  <testcase name="searchNonExistingChannelOnDiscoverPage" time="0.003" classname="com.uiFramework.KisanForum.KisanNetWeb.testScripts.Search.SearchNonExistingChannelOnDiscoverPage">
    <skipped/>
  </testcase> <!-- searchNonExistingChannelOnDiscoverPage -->
  <testcase name="searchNonExistingChannelOnDiscoverPage" time="0.008" classname="com.uiFramework.KisanForum.KisanNetWeb.testScripts.Search.SearchNonExistingChannelOnDiscoverPage">
    <skipped/>
  </testcase> <!-- searchNonExistingChannelOnDiscoverPage -->
  <testcase name="searchNonExistingChannelOnDiscoverPage" time="0.002" classname="com.uiFramework.KisanForum.KisanNetWeb.testScripts.Search.SearchNonExistingChannelOnDiscoverPage">
    <skipped/>
  </testcase> <!-- searchNonExistingChannelOnDiscoverPage -->
  <testcase name="searchNonExistingChannelOnDiscoverPage" time="18.589" classname="com.uiFramework.KisanForum.KisanNetWeb.testScripts.Search.SearchNonExistingChannelOnDiscoverPage">
    <failure type="org.openqa.selenium.WebDriverException" message="unknown error: Element &amp;lt;mat-icon class=&amp;quot;mat-icon notranslate material-icons mat-icon-no-color&amp;quot; role=&amp;quot;img&amp;quot; aria-hidden=&amp;quot;true&amp;quot;&amp;gt;...&amp;lt;/mat-icon&amp;gt; is not clickable at point (284, 30). Other element would receive the click: &amp;lt;div class=&amp;quot;loadingoverlay&amp;quot; style=&amp;quot;background-color: rgba(255, 255, 255, 0.8); position: fixed; display: flex; flex-direction: column; align-items: center; justify-content: center; z-index: 2147483647; background-image: url(&amp;amp;quot;/assets/img/loader.gif&amp;amp;quot;); background-position: center center; background-repeat: no-repeat; top: 0px; left: 0px; width: 100%; height: 100%; background-size: 100px;&amp;quot;&amp;gt;&amp;lt;/div&amp;gt;
  (Session info: chrome=78.0.3904.97)
  (Driver info: chromedriver=2.38.552522 (437e6fbedfa8762dec75e2c5b3ddb86763dc9dcb),platform=Windows NT 6.1.7601 SP1 x86_64) (WARNING: The server did not provide any stacktrace information)
Command duration or timeout: 0 milliseconds
Build info: version: &amp;apos;3.12.0&amp;apos;, revision: &amp;apos;7c6e0b3&amp;apos;, time: &amp;apos;2018-05-08T14:04:26.12Z&amp;apos;
System info: host: &amp;apos;KISANABHI-PC&amp;apos;, ip: &amp;apos;192.168.0.215&amp;apos;, os.name: &amp;apos;Windows 7&amp;apos;, os.arch: &amp;apos;amd64&amp;apos;, os.version: &amp;apos;6.1&amp;apos;, java.version: &amp;apos;1.8.0_221&amp;apos;
Driver info: org.openqa.selenium.chrome.ChromeDriver
Capabilities {acceptInsecureCerts: false, acceptSslCerts: false, applicationCacheEnabled: false, browserConnectionEnabled: false, browserName: chrome, chrome: {chromedriverVersion: 2.38.552522 (437e6fbedfa876..., userDataDir: C:\Users\KISANA~1\AppData\L...}, cssSelectorsEnabled: true, databaseEnabled: false, handlesAlerts: true, hasTouchScreen: false, javascriptEnabled: true, locationContextEnabled: true, mobileEmulationEnabled: false, nativeEvents: true, networkConnectionEnabled: false, pageLoadStrategy: normal, platform: XP, platformName: XP, rotatable: false, setWindowRect: true, takesHeapSnapshot: true, takesScreenshot: true, unexpectedAlertBehaviour: , unhandledPromptBehavior: , version: 78.0.3904.97, webStorageEnabled: true}
Session ID: 85718953959efe315e34a7044219d61c">
      <![CDATA[org.openqa.selenium.WebDriverException: unknown error: Element <mat-icon class="mat-icon notranslate material-icons mat-icon-no-color" role="img" aria-hidden="true">...</mat-icon> is not clickable at point (284, 30). Other element would receive the click: <div class="loadingoverlay" style="background-color: rgba(255, 255, 255, 0.8); position: fixed; display: flex; flex-direction: column; align-items: center; justify-content: center; z-index: 2147483647; background-image: url(&quot;/assets/img/loader.gif&quot;); background-position: center center; background-repeat: no-repeat; top: 0px; left: 0px; width: 100%; height: 100%; background-size: 100px;"></div>
  (Session info: chrome=78.0.3904.97)
  (Driver info: chromedriver=2.38.552522 (437e6fbedfa8762dec75e2c5b3ddb86763dc9dcb),platform=Windows NT 6.1.7601 SP1 x86_64) (WARNING: The server did not provide any stacktrace information)
Command duration or timeout: 0 milliseconds
Build info: version: '3.12.0', revision: '7c6e0b3', time: '2018-05-08T14:04:26.12Z'
System info: host: 'KISANABHI-PC', ip: '192.168.0.215', os.name: 'Windows 7', os.arch: 'amd64', os.version: '6.1', java.version: '1.8.0_221'
Driver info: org.openqa.selenium.chrome.ChromeDriver
Capabilities {acceptInsecureCerts: false, acceptSslCerts: false, applicationCacheEnabled: false, browserConnectionEnabled: false, browserName: chrome, chrome: {chromedriverVersion: 2.38.552522 (437e6fbedfa876..., userDataDir: C:\Users\KISANA~1\AppData\L...}, cssSelectorsEnabled: true, databaseEnabled: false, handlesAlerts: true, hasTouchScreen: false, javascriptEnabled: true, locationContextEnabled: true, mobileEmulationEnabled: false, nativeEvents: true, networkConnectionEnabled: false, pageLoadStrategy: normal, platform: XP, platformName: XP, rotatable: false, setWindowRect: true, takesHeapSnapshot: true, takesScreenshot: true, unexpectedAlertBehaviour: , unhandledPromptBehavior: , version: 78.0.3904.97, webStorageEnabled: true}
Session ID: 85718953959efe315e34a7044219d61c
	at org.openqa.selenium.remote.ErrorHandler.createThrowable(ErrorHandler.java:214)
	at org.openqa.selenium.remote.ErrorHandler.throwIfResponseFailed(ErrorHandler.java:166)
	at org.openqa.selenium.remote.http.JsonHttpResponseCodec.reconstructValue(JsonHttpResponseCodec.java:40)
	at org.openqa.selenium.remote.http.AbstractHttpResponseCodec.decode(AbstractHttpResponseCodec.java:80)
	at org.openqa.selenium.remote.http.AbstractHttpResponseCodec.decode(AbstractHttpResponseCodec.java:44)
	at org.openqa.selenium.remote.HttpCommandExecutor.execute(HttpCommandExecutor.java:158)
	at org.openqa.selenium.remote.service.DriverCommandExecutor.execute(DriverCommandExecutor.java:83)
	at org.openqa.selenium.remote.RemoteWebDriver.execute(RemoteWebDriver.java:543)
	at org.openqa.selenium.remote.RemoteWebElement.execute(RemoteWebElement.java:276)
	at org.openqa.selenium.remote.RemoteWebElement.click(RemoteWebElement.java:83)
	at org.openqa.selenium.support.pagefactory.internal.LocatingElementHandler.invoke(LocatingElementHandler.java:51)
	at com.sun.proxy.$Proxy11.click(Unknown Source)
	at com.uiFramework.KisanForum.KisanNetWeb.pageObject.HomePage.clickOnDiscoverIcon(HomePage.java:78)
	at com.uiFramework.KisanForum.KisanNetWeb.testScripts.Search.SearchNonExistingChannelOnDiscoverPage.searchNonExistingChannelOnDiscoverPage(SearchNonExistingChannelOnDiscoverPage.java:26)
	at java.util.concurrent.ThreadPoolExecutor.runWorker(Unknown Source)
	at java.util.concurrent.ThreadPoolExecutor$Worker.run(Unknown Source)
	at java.lang.Thread.run(Unknown Source)
... Removed 18 stack frames]]>
    </failure>
  </testcase> <!-- searchNonExistingChannelOnDiscoverPage -->
  <testcase name="verifyAboutPage" time="0.0" classname="com.uiFramework.KisanForum.KisanNetWeb.testScripts.Verifications.VerifyAboutAppPage">
    <skipped/>
  </testcase> <!-- verifyAboutPage -->
  <testcase name="verifyAboutPage" time="122.841" classname="com.uiFramework.KisanForum.KisanNetWeb.testScripts.Verifications.VerifyAboutAppPage">
    <failure type="org.openqa.selenium.WebDriverException" message="disconnected: unable to send message to renderer
  (Session info: chrome=78.0.3904.97)
  (Driver info: chromedriver=2.38.552522 (437e6fbedfa8762dec75e2c5b3ddb86763dc9dcb),platform=Windows NT 6.1.7601 SP1 x86_64) (WARNING: The server did not provide any stacktrace information)
Command duration or timeout: 0 milliseconds
Build info: version: &amp;apos;3.12.0&amp;apos;, revision: &amp;apos;7c6e0b3&amp;apos;, time: &amp;apos;2018-05-08T14:04:26.12Z&amp;apos;
System info: host: &amp;apos;KISANABHI-PC&amp;apos;, ip: &amp;apos;192.168.0.215&amp;apos;, os.name: &amp;apos;Windows 7&amp;apos;, os.arch: &amp;apos;amd64&amp;apos;, os.version: &amp;apos;6.1&amp;apos;, java.version: &amp;apos;1.8.0_221&amp;apos;
Driver info: org.openqa.selenium.chrome.ChromeDriver
Capabilities {acceptInsecureCerts: false, acceptSslCerts: false, applicationCacheEnabled: false, browserConnectionEnabled: false, browserName: chrome, chrome: {chromedriverVersion: 2.38.552522 (437e6fbedfa876..., userDataDir: C:\Users\KISANA~1\AppData\L...}, cssSelectorsEnabled: true, databaseEnabled: false, handlesAlerts: true, hasTouchScreen: false, javascriptEnabled: true, locationContextEnabled: true, mobileEmulationEnabled: false, nativeEvents: true, networkConnectionEnabled: false, pageLoadStrategy: normal, platform: XP, platformName: XP, rotatable: false, setWindowRect: true, takesHeapSnapshot: true, takesScreenshot: true, unexpectedAlertBehaviour: , unhandledPromptBehavior: , version: 78.0.3904.97, webStorageEnabled: true}
Session ID: 4c7403e3db9f918a58cff01c158c95a1
*** Element info: {Using=xpath, value=//h3[contains(text(),&amp;apos;Namaskar!&amp;apos;)]}">
      <![CDATA[org.openqa.selenium.WebDriverException: disconnected: unable to send message to renderer
  (Session info: chrome=78.0.3904.97)
  (Driver info: chromedriver=2.38.552522 (437e6fbedfa8762dec75e2c5b3ddb86763dc9dcb),platform=Windows NT 6.1.7601 SP1 x86_64) (WARNING: The server did not provide any stacktrace information)
Command duration or timeout: 0 milliseconds
Build info: version: '3.12.0', revision: '7c6e0b3', time: '2018-05-08T14:04:26.12Z'
System info: host: 'KISANABHI-PC', ip: '192.168.0.215', os.name: 'Windows 7', os.arch: 'amd64', os.version: '6.1', java.version: '1.8.0_221'
Driver info: org.openqa.selenium.chrome.ChromeDriver
Capabilities {acceptInsecureCerts: false, acceptSslCerts: false, applicationCacheEnabled: false, browserConnectionEnabled: false, browserName: chrome, chrome: {chromedriverVersion: 2.38.552522 (437e6fbedfa876..., userDataDir: C:\Users\KISANA~1\AppData\L...}, cssSelectorsEnabled: true, databaseEnabled: false, handlesAlerts: true, hasTouchScreen: false, javascriptEnabled: true, locationContextEnabled: true, mobileEmulationEnabled: false, nativeEvents: true, networkConnectionEnabled: false, pageLoadStrategy: normal, platform: XP, platformName: XP, rotatable: false, setWindowRect: true, takesHeapSnapshot: true, takesScreenshot: true, unexpectedAlertBehaviour: , unhandledPromptBehavior: , version: 78.0.3904.97, webStorageEnabled: true}
Session ID: 4c7403e3db9f918a58cff01c158c95a1
*** Element info: {Using=xpath, value=//h3[contains(text(),'Namaskar!')]}
	at org.openqa.selenium.remote.ErrorHandler.createThrowable(ErrorHandler.java:214)
	at org.openqa.selenium.remote.ErrorHandler.throwIfResponseFailed(ErrorHandler.java:166)
	at org.openqa.selenium.remote.http.JsonHttpResponseCodec.reconstructValue(JsonHttpResponseCodec.java:40)
	at org.openqa.selenium.remote.http.AbstractHttpResponseCodec.decode(AbstractHttpResponseCodec.java:80)
	at org.openqa.selenium.remote.http.AbstractHttpResponseCodec.decode(AbstractHttpResponseCodec.java:44)
	at org.openqa.selenium.remote.HttpCommandExecutor.execute(HttpCommandExecutor.java:158)
	at org.openqa.selenium.remote.service.DriverCommandExecutor.execute(DriverCommandExecutor.java:83)
	at org.openqa.selenium.remote.RemoteWebDriver.execute(RemoteWebDriver.java:543)
	at org.openqa.selenium.remote.RemoteWebDriver.findElement(RemoteWebDriver.java:317)
	at org.openqa.selenium.remote.RemoteWebDriver.findElementByXPath(RemoteWebDriver.java:419)
	at org.openqa.selenium.By$ByXPath.findElement(By.java:353)
	at org.openqa.selenium.remote.RemoteWebDriver.findElement(RemoteWebDriver.java:309)
	at org.openqa.selenium.support.pagefactory.DefaultElementLocator.findElement(DefaultElementLocator.java:69)
	at org.openqa.selenium.support.pagefactory.internal.LocatingElementHandler.invoke(LocatingElementHandler.java:38)
	at com.sun.proxy.$Proxy11.getText(Unknown Source)
	at com.uiFramework.KisanForum.KisanNetWeb.pageObject.AboutApp.verifyNamaskarText(AboutApp.java:52)
	at com.uiFramework.KisanForum.KisanNetWeb.testScripts.Verifications.VerifyAboutAppPage.verifyAboutPage(VerifyAboutAppPage.java:32)
	at java.util.concurrent.ThreadPoolExecutor.runWorker(Unknown Source)
	at java.util.concurrent.ThreadPoolExecutor$Worker.run(Unknown Source)
	at java.lang.Thread.run(Unknown Source)
... Removed 14 stack frames]]>
    </failure>
  </testcase> <!-- verifyAboutPage -->
  <testcase name="sendTextMessagesToFollowers" time="0.001" classname="com.uiFramework.KisanForum.KisanNetWeb.testScripts.Messaging.SendTextMessageToFollowers">
    <skipped/>
  </testcase> <!-- sendTextMessagesToFollowers -->
  <testcase name="sendTextMessagesToFollowers" time="0.001" classname="com.uiFramework.KisanForum.KisanNetWeb.testScripts.Messaging.SendTextMessageToFollowers">
    <skipped/>
  </testcase> <!-- sendTextMessagesToFollowers -->
  <testcase name="sendTextMessagesToFollowers" time="0.002" classname="com.uiFramework.KisanForum.KisanNetWeb.testScripts.Messaging.SendTextMessageToFollowers">
    <skipped/>
  </testcase> <!-- sendTextMessagesToFollowers -->
  <testcase name="sendTextMessagesToFollowers" time="0.001" classname="com.uiFramework.KisanForum.KisanNetWeb.testScripts.Messaging.SendTextMessageToFollowers">
    <skipped/>
  </testcase> <!-- sendTextMessagesToFollowers -->
  <testcase name="sendTextMessagesToFollowers" time="0.001" classname="com.uiFramework.KisanForum.KisanNetWeb.testScripts.Messaging.SendTextMessageToFollowers">
    <skipped/>
  </testcase> <!-- sendTextMessagesToFollowers -->
  <testcase name="sendTextMessagesToFollowers" time="134.746" classname="com.uiFramework.KisanForum.KisanNetWeb.testScripts.Messaging.SendTextMessageToFollowers">
    <failure type="org.openqa.selenium.NoSuchElementException" message="no such element: Unable to locate element: {&amp;quot;method&amp;quot;:&amp;quot;xpath&amp;quot;,&amp;quot;selector&amp;quot;:&amp;quot;//span[@class=&amp;apos;limitChannelName ng-star-inserted&amp;apos;]&amp;quot;}
  (Session info: chrome=78.0.3904.97)
  (Driver info: chromedriver=2.38.552522 (437e6fbedfa8762dec75e2c5b3ddb86763dc9dcb),platform=Windows NT 6.1.7601 SP1 x86_64) (WARNING: The server did not provide any stacktrace information)
Command duration or timeout: 0 milliseconds
For documentation on this error, please visit: http://seleniumhq.org/exceptions/no_such_element.html
Build info: version: &amp;apos;3.12.0&amp;apos;, revision: &amp;apos;7c6e0b3&amp;apos;, time: &amp;apos;2018-05-08T14:04:26.12Z&amp;apos;
System info: host: &amp;apos;KISANABHI-PC&amp;apos;, ip: &amp;apos;192.168.0.215&amp;apos;, os.name: &amp;apos;Windows 7&amp;apos;, os.arch: &amp;apos;amd64&amp;apos;, os.version: &amp;apos;6.1&amp;apos;, java.version: &amp;apos;1.8.0_221&amp;apos;
Driver info: org.openqa.selenium.chrome.ChromeDriver
Capabilities {acceptInsecureCerts: false, acceptSslCerts: false, applicationCacheEnabled: false, browserConnectionEnabled: false, browserName: chrome, chrome: {chromedriverVersion: 2.38.552522 (437e6fbedfa876..., userDataDir: C:\Users\KISANA~1\AppData\L...}, cssSelectorsEnabled: true, databaseEnabled: false, handlesAlerts: true, hasTouchScreen: false, javascriptEnabled: true, locationContextEnabled: true, mobileEmulationEnabled: false, nativeEvents: true, networkConnectionEnabled: false, pageLoadStrategy: normal, platform: XP, platformName: XP, rotatable: false, setWindowRect: true, takesHeapSnapshot: true, takesScreenshot: true, unexpectedAlertBehaviour: , unhandledPromptBehavior: , version: 78.0.3904.97, webStorageEnabled: true}
Session ID: a7b948552aba9c41d039e0507da0e085
*** Element info: {Using=xpath, value=//span[@class=&amp;apos;limitChannelName ng-star-inserted&amp;apos;]}">
      <![CDATA[org.openqa.selenium.NoSuchElementException: no such element: Unable to locate element: {"method":"xpath","selector":"//span[@class='limitChannelName ng-star-inserted']"}
  (Session info: chrome=78.0.3904.97)
  (Driver info: chromedriver=2.38.552522 (437e6fbedfa8762dec75e2c5b3ddb86763dc9dcb),platform=Windows NT 6.1.7601 SP1 x86_64) (WARNING: The server did not provide any stacktrace information)
Command duration or timeout: 0 milliseconds
For documentation on this error, please visit: http://seleniumhq.org/exceptions/no_such_element.html
Build info: version: '3.12.0', revision: '7c6e0b3', time: '2018-05-08T14:04:26.12Z'
System info: host: 'KISANABHI-PC', ip: '192.168.0.215', os.name: 'Windows 7', os.arch: 'amd64', os.version: '6.1', java.version: '1.8.0_221'
Driver info: org.openqa.selenium.chrome.ChromeDriver
Capabilities {acceptInsecureCerts: false, acceptSslCerts: false, applicationCacheEnabled: false, browserConnectionEnabled: false, browserName: chrome, chrome: {chromedriverVersion: 2.38.552522 (437e6fbedfa876..., userDataDir: C:\Users\KISANA~1\AppData\L...}, cssSelectorsEnabled: true, databaseEnabled: false, handlesAlerts: true, hasTouchScreen: false, javascriptEnabled: true, locationContextEnabled: true, mobileEmulationEnabled: false, nativeEvents: true, networkConnectionEnabled: false, pageLoadStrategy: normal, platform: XP, platformName: XP, rotatable: false, setWindowRect: true, takesHeapSnapshot: true, takesScreenshot: true, unexpectedAlertBehaviour: , unhandledPromptBehavior: , version: 78.0.3904.97, webStorageEnabled: true}
Session ID: a7b948552aba9c41d039e0507da0e085
*** Element info: {Using=xpath, value=//span[@class='limitChannelName ng-star-inserted']}
	at org.openqa.selenium.remote.ErrorHandler.createThrowable(ErrorHandler.java:214)
	at org.openqa.selenium.remote.ErrorHandler.throwIfResponseFailed(ErrorHandler.java:166)
	at org.openqa.selenium.remote.http.JsonHttpResponseCodec.reconstructValue(JsonHttpResponseCodec.java:40)
	at org.openqa.selenium.remote.http.AbstractHttpResponseCodec.decode(AbstractHttpResponseCodec.java:80)
	at org.openqa.selenium.remote.http.AbstractHttpResponseCodec.decode(AbstractHttpResponseCodec.java:44)
	at org.openqa.selenium.remote.HttpCommandExecutor.execute(HttpCommandExecutor.java:158)
	at org.openqa.selenium.remote.service.DriverCommandExecutor.execute(DriverCommandExecutor.java:83)
	at org.openqa.selenium.remote.RemoteWebDriver.execute(RemoteWebDriver.java:543)
	at org.openqa.selenium.remote.RemoteWebDriver.findElement(RemoteWebDriver.java:317)
	at org.openqa.selenium.remote.RemoteWebDriver.findElementByXPath(RemoteWebDriver.java:419)
	at org.openqa.selenium.By$ByXPath.findElement(By.java:353)
	at org.openqa.selenium.remote.RemoteWebDriver.findElement(RemoteWebDriver.java:309)
	at com.uiFramework.KisanForum.KisanNetWeb.helper.wait.WaitHelper.waitForAllElement(WaitHelper.java:192)
	at com.uiFramework.KisanForum.KisanNetWeb.pageObject.HomePage.clickOnLeftDrawerIcon(HomePage.java:99)
	at com.uiFramework.KisanForum.KisanNetWeb.testScripts.Messaging.SendTextMessageToFollowers.sendTextMessagesToFollowers(SendTextMessageToFollowers.java:25)
	at java.util.concurrent.ThreadPoolExecutor.runWorker(Unknown Source)
	at java.util.concurrent.ThreadPoolExecutor$Worker.run(Unknown Source)
	at java.lang.Thread.run(Unknown Source)
... Removed 14 stack frames]]>
    </failure>
  </testcase> <!-- sendTextMessagesToFollowers -->
  <testcase name="sendImageToFollowers" time="0.0" classname="com.uiFramework.KisanForum.KisanNetWeb.testScripts.Messaging.SendImageToFollowers">
    <skipped/>
  </testcase> <!-- sendImageToFollowers -->
  <testcase name="sendImageToFollowers" time="0.001" classname="com.uiFramework.KisanForum.KisanNetWeb.testScripts.Messaging.SendImageToFollowers">
    <skipped/>
  </testcase> <!-- sendImageToFollowers -->
  <testcase name="sendImageToFollowers" time="0.001" classname="com.uiFramework.KisanForum.KisanNetWeb.testScripts.Messaging.SendImageToFollowers">
    <skipped/>
  </testcase> <!-- sendImageToFollowers -->
  <testcase name="sendImageToFollowers" time="0.0" classname="com.uiFramework.KisanForum.KisanNetWeb.testScripts.Messaging.SendImageToFollowers">
    <skipped/>
  </testcase> <!-- sendImageToFollowers -->
  <testcase name="sendImageToFollowers" time="0.0" classname="com.uiFramework.KisanForum.KisanNetWeb.testScripts.Messaging.SendImageToFollowers">
    <skipped/>
  </testcase> <!-- sendImageToFollowers -->
  <testcase name="sendImageToFollowers" time="0.001" classname="com.uiFramework.KisanForum.KisanNetWeb.testScripts.Messaging.SendImageToFollowers">
    <skipped/>
  </testcase> <!-- sendImageToFollowers -->
  <testcase name="editChannelProfile" time="0.001" classname="com.uiFramework.KisanForum.KisanNetWeb.testScripts.EditProfile.EditChannelProfile">
    <skipped/>
  </testcase> <!-- editChannelProfile -->
  <testcase name="editChannelProfile" time="0.0" classname="com.uiFramework.KisanForum.KisanNetWeb.testScripts.EditProfile.EditChannelProfile">
    <skipped/>
  </testcase> <!-- editChannelProfile -->
  <testcase name="editChannelProfile" time="0.001" classname="com.uiFramework.KisanForum.KisanNetWeb.testScripts.EditProfile.EditChannelProfile">
    <skipped/>
  </testcase> <!-- editChannelProfile -->
  <testcase name="editChannelProfile" time="0.001" classname="com.uiFramework.KisanForum.KisanNetWeb.testScripts.EditProfile.EditChannelProfile">
    <skipped/>
  </testcase> <!-- editChannelProfile -->
  <testcase name="verifySupportPage" time="0.001" classname="com.uiFramework.KisanForum.KisanNetWeb.testScripts.Verifications.VerifySupportPage">
    <skipped/>
  </testcase> <!-- verifySupportPage -->
  <testcase name="verifySupportPage" time="0.0" classname="com.uiFramework.KisanForum.KisanNetWeb.testScripts.Verifications.VerifySupportPage">
    <skipped/>
  </testcase> <!-- verifySupportPage -->
  <testcase name="sendLocationToFollowers" time="0.001" classname="com.uiFramework.KisanForum.KisanNetWeb.testScripts.Messaging.SendLocationToFollowers">
    <skipped/>
  </testcase> <!-- sendLocationToFollowers -->
  <testcase name="sendLocationToFollowers" time="0.0" classname="com.uiFramework.KisanForum.KisanNetWeb.testScripts.Messaging.SendLocationToFollowers">
    <skipped/>
  </testcase> <!-- sendLocationToFollowers -->
  <testcase name="sendLocationToFollowers" time="0.0" classname="com.uiFramework.KisanForum.KisanNetWeb.testScripts.Messaging.SendLocationToFollowers">
    <skipped/>
  </testcase> <!-- sendLocationToFollowers -->
  <testcase name="sendLocationToFollowers" time="0.0" classname="com.uiFramework.KisanForum.KisanNetWeb.testScripts.Messaging.SendLocationToFollowers">
    <skipped/>
  </testcase> <!-- sendLocationToFollowers -->
  <testcase name="sendLocationToFollowers" time="0.001" classname="com.uiFramework.KisanForum.KisanNetWeb.testScripts.Messaging.SendLocationToFollowers">
    <skipped/>
  </testcase> <!-- sendLocationToFollowers -->
  <testcase name="sendLocationToFollowers" time="0.001" classname="com.uiFramework.KisanForum.KisanNetWeb.testScripts.Messaging.SendLocationToFollowers">
    <skipped/>
  </testcase> <!-- sendLocationToFollowers -->
  <testcase name="searchExistingChannelOnHomePage" time="0.001" classname="com.uiFramework.KisanForum.KisanNetWeb.testScripts.Search.SearchExistingChannelOnHomePage">
    <skipped/>
  </testcase> <!-- searchExistingChannelOnHomePage -->
  <testcase name="searchExistingChannelOnHomePage" time="0.0" classname="com.uiFramework.KisanForum.KisanNetWeb.testScripts.Search.SearchExistingChannelOnHomePage">
    <skipped/>
  </testcase> <!-- searchExistingChannelOnHomePage -->
  <testcase name="searchExistingChannelOnHomePage" time="0.001" classname="com.uiFramework.KisanForum.KisanNetWeb.testScripts.Search.SearchExistingChannelOnHomePage">
    <skipped/>
  </testcase> <!-- searchExistingChannelOnHomePage -->
  <testcase name="searchExistingChannelOnHomePage" time="0.001" classname="com.uiFramework.KisanForum.KisanNetWeb.testScripts.Search.SearchExistingChannelOnHomePage">
    <skipped/>
  </testcase> <!-- searchExistingChannelOnHomePage -->
  <testcase name="loginToApp" time="0.0" classname="com.uiFramework.KisanForum.KisanNetWeb.testScripts.loginPage.LoginTest">
    <skipped/>
  </testcase> <!-- loginToApp -->
  <testcase name="loginToApp" time="0.0" classname="com.uiFramework.KisanForum.KisanNetWeb.testScripts.loginPage.LoginTest">
    <skipped/>
  </testcase> <!-- loginToApp -->
  <testcase name="searchExistingChannelOnDiscoverPage" time="0.001" classname="com.uiFramework.KisanForum.KisanNetWeb.testScripts.Search.SearchExistingChannelOnDiscoverPage">
    <skipped/>
  </testcase> <!-- searchExistingChannelOnDiscoverPage -->
  <testcase name="searchExistingChannelOnDiscoverPage" time="0.001" classname="com.uiFramework.KisanForum.KisanNetWeb.testScripts.Search.SearchExistingChannelOnDiscoverPage">
    <skipped/>
  </testcase> <!-- searchExistingChannelOnDiscoverPage -->
  <testcase name="searchExistingChannelOnDiscoverPage" time="0.001" classname="com.uiFramework.KisanForum.KisanNetWeb.testScripts.Search.SearchExistingChannelOnDiscoverPage">
    <skipped/>
  </testcase> <!-- searchExistingChannelOnDiscoverPage -->
  <testcase name="searchExistingChannelOnDiscoverPage" time="0.0" classname="com.uiFramework.KisanForum.KisanNetWeb.testScripts.Search.SearchExistingChannelOnDiscoverPage">
    <skipped/>
  </testcase> <!-- searchExistingChannelOnDiscoverPage -->
  <testcase name="sendVideoToFollowers" time="0.0" classname="com.uiFramework.KisanForum.KisanNetWeb.testScripts.Messaging.SendVideoToFollowers">
    <skipped/>
  </testcase> <!-- sendVideoToFollowers -->
  <testcase name="sendVideoToFollowers" time="0.0" classname="com.uiFramework.KisanForum.KisanNetWeb.testScripts.Messaging.SendVideoToFollowers">
    <skipped/>
  </testcase> <!-- sendVideoToFollowers -->
  <testcase name="sendVideoToFollowers" time="0.0" classname="com.uiFramework.KisanForum.KisanNetWeb.testScripts.Messaging.SendVideoToFollowers">
    <skipped/>
  </testcase> <!-- sendVideoToFollowers -->
  <testcase name="sendVideoToFollowers" time="0.0" classname="com.uiFramework.KisanForum.KisanNetWeb.testScripts.Messaging.SendVideoToFollowers">
    <skipped/>
  </testcase> <!-- sendVideoToFollowers -->
  <testcase name="sendVideoToFollowers" time="0.001" classname="com.uiFramework.KisanForum.KisanNetWeb.testScripts.Messaging.SendVideoToFollowers">
    <skipped/>
  </testcase> <!-- sendVideoToFollowers -->
  <testcase name="sendVideoToFollowers" time="0.001" classname="com.uiFramework.KisanForum.KisanNetWeb.testScripts.Messaging.SendVideoToFollowers">
    <skipped/>
  </testcase> <!-- sendVideoToFollowers -->
  <testcase name="searchNonExistingChannelOnHomePage" time="0.0" classname="com.uiFramework.KisanForum.KisanNetWeb.testScripts.Search.SearchNonExistingChannelOnHomePage">
    <skipped/>
  </testcase> <!-- searchNonExistingChannelOnHomePage -->
  <testcase name="searchNonExistingChannelOnHomePage" time="0.0" classname="com.uiFramework.KisanForum.KisanNetWeb.testScripts.Search.SearchNonExistingChannelOnHomePage">
    <skipped/>
  </testcase> <!-- searchNonExistingChannelOnHomePage -->
  <testcase name="searchNonExistingChannelOnHomePage" time="0.001" classname="com.uiFramework.KisanForum.KisanNetWeb.testScripts.Search.SearchNonExistingChannelOnHomePage">
    <skipped/>
  </testcase> <!-- searchNonExistingChannelOnHomePage -->
  <testcase name="searchNonExistingChannelOnHomePage" time="0.001" classname="com.uiFramework.KisanForum.KisanNetWeb.testScripts.Search.SearchNonExistingChannelOnHomePage">
    <skipped/>
  </testcase> <!-- searchNonExistingChannelOnHomePage -->
  <testcase name="logoutFromApp" time="0.02" classname="com.uiFramework.KisanForum.KisanNetWeb.testScripts.loginPage.Logout">
    <skipped/>
  </testcase> <!-- logoutFromApp -->
  <testcase name="logoutFromApp" time="0.0" classname="com.uiFramework.KisanForum.KisanNetWeb.testScripts.loginPage.Logout">
    <skipped/>
  </testcase> <!-- logoutFromApp -->
  <testcase name="verifyTitleOfPage" time="0.001" classname="com.uiFramework.KisanForum.KisanNetWeb.testScripts.Verifications.verifyTitle">
    <skipped/>
  </testcase> <!-- verifyTitleOfPage -->
  <testcase name="verifyTitleOfPage" time="0.001" classname="com.uiFramework.KisanForum.KisanNetWeb.testScripts.Verifications.verifyTitle">
    <skipped/>
  </testcase> <!-- verifyTitleOfPage -->
  <testcase name="sendDocumentToFollowers" time="0.0" classname="com.uiFramework.KisanForum.KisanNetWeb.testScripts.Messaging.SendDocumentToFollowers">
    <skipped/>
  </testcase> <!-- sendDocumentToFollowers -->
  <testcase name="sendDocumentToFollowers" time="0.001" classname="com.uiFramework.KisanForum.KisanNetWeb.testScripts.Messaging.SendDocumentToFollowers">
    <skipped/>
  </testcase> <!-- sendDocumentToFollowers -->
  <testcase name="sendDocumentToFollowers" time="0.001" classname="com.uiFramework.KisanForum.KisanNetWeb.testScripts.Messaging.SendDocumentToFollowers">
    <skipped/>
  </testcase> <!-- sendDocumentToFollowers -->
  <testcase name="sendDocumentToFollowers" time="0.0" classname="com.uiFramework.KisanForum.KisanNetWeb.testScripts.Messaging.SendDocumentToFollowers">
    <skipped/>
  </testcase> <!-- sendDocumentToFollowers -->
  <testcase name="sendDocumentToFollowers" time="0.001" classname="com.uiFramework.KisanForum.KisanNetWeb.testScripts.Messaging.SendDocumentToFollowers">
    <skipped/>
  </testcase> <!-- sendDocumentToFollowers -->
  <testcase name="sendDocumentToFollowers" time="0.0" classname="com.uiFramework.KisanForum.KisanNetWeb.testScripts.Messaging.SendDocumentToFollowers">
    <skipped/>
  </testcase> <!-- sendDocumentToFollowers -->
</testsuite> <!-- Test -->
