<?xml version="1.0" encoding="UTF-8"?>
<!-- Generated by org.testng.reporters.JUnitXMLReporter -->
<testsuite hostname="KisanAbhi-PC" name="Search_Tests" tests="8" failures="0" timestamp="10 Jul 2019 10:38:04 GMT" time="294.158" errors="0">
  <testcase name="searchNonExistingChannelOnHomePage" time="0.009" classname="com.uiFramework.KisanForum.KisanNetWeb.testScripts.Search.SearchNonExistingChannelOnHomePage">
    <skipped/>
  </testcase> <!-- searchNonExistingChannelOnHomePage -->
  <testcase name="searchNonExistingChannelOnHomePage" time="45.592" classname="com.uiFramework.KisanForum.KisanNetWeb.testScripts.Search.SearchNonExistingChannelOnHomePage"/>
  <testcase name="searchNonExistingChannelOnDiscoverPage" time="0.002" classname="com.uiFramework.KisanForum.KisanNetWeb.testScripts.Search.SearchNonExistingChannelOnDiscoverPage">
    <skipped/>
  </testcase> <!-- searchNonExistingChannelOnDiscoverPage -->
  <testcase name="searchNonExistingChannelOnDiscoverPage" time="52.351" classname="com.uiFramework.KisanForum.KisanNetWeb.testScripts.Search.SearchNonExistingChannelOnDiscoverPage"/>
  <testcase name="searchExistingChannelOnHomePage" time="43.914" classname="com.uiFramework.KisanForum.KisanNetWeb.testScripts.Search.SearchExistingChannelOnHomePage"/>
  <testcase name="searchExistingChannelOnHomePage" time="0.001" classname="com.uiFramework.KisanForum.KisanNetWeb.testScripts.Search.SearchExistingChannelOnHomePage">
    <skipped/>
  </testcase> <!-- searchExistingChannelOnHomePage -->
  <testcase name="searchExistingChannelOnDiscoverPage" time="55.729" classname="com.uiFramework.KisanForum.KisanNetWeb.testScripts.Search.SearchExistingChannelOnDiscoverPage"/>
  <testcase name="searchExistingChannelOnDiscoverPage" time="0.002" classname="com.uiFramework.KisanForum.KisanNetWeb.testScripts.Search.SearchExistingChannelOnDiscoverPage">
    <skipped/>
  </testcase> <!-- searchExistingChannelOnDiscoverPage -->
</testsuite> <!-- Search_Tests -->
