<?xml version="1.0" encoding="UTF-8"?>
<!-- Generated by org.testng.reporters.JUnitXMLReporter -->
<testsuite hostname="KisanAbhi-PC" name="SearchExistingChannelOnDiscoverPage" tests="2" failures="1" timestamp="5 Apr 2019 11:14:24 GMT" time="124.694" errors="0">
  <testcase name="searchExistingChannelOnDiscoverPage" time="103.761" classname="com.uiFramework.KisanForum.KisanNetWeb.testScripts.Search.SearchExistingChannelOnDiscoverPage">
    <failure type="java.lang.AssertionError" message="expected [true] but found [false]">
      <![CDATA[java.lang.AssertionError: expected [true] but found [false]
	at com.uiFramework.KisanForum.KisanNetWeb.helper.assertion.AssertionHelper.fail(AssertionHelper.java:56)
	at com.uiFramework.KisanForum.KisanNetWeb.helper.assertion.AssertionHelper.updateTestStatus(AssertionHelper.java:68)
	at com.uiFramework.KisanForum.KisanNetWeb.testScripts.Search.SearchExistingChannelOnDiscoverPage.searchExistingChannelOnDiscoverPage(SearchExistingChannelOnDiscoverPage.java:37)
... Removed 28 stack frames]]>
    </failure>
  </testcase> <!-- searchExistingChannelOnDiscoverPage -->
  <testcase name="searchExistingChannelOnDiscoverPage" time="0.001" classname="com.uiFramework.KisanForum.KisanNetWeb.testScripts.Search.SearchExistingChannelOnDiscoverPage">
    <skipped/>
  </testcase> <!-- searchExistingChannelOnDiscoverPage -->
</testsuite> <!-- SearchExistingChannelOnDiscoverPage -->
