<?xml version="1.0" encoding="UTF-8"?>
<!-- Generated by org.testng.reporters.JUnitXMLReporter -->
<testsuite hostname="KisanAbhi-PC" name="SearchNonExistingChannelOnDiscoverPage" tests="2" failures="0" timestamp="5 Apr 2019 11:16:12 GMT" time="60.623" errors="0">
  <testcase name="searchNonExistingChannelOnDiscoverPage" time="0.001" classname="com.uiFramework.KisanForum.KisanNetWeb.testScripts.Search.SearchNonExistingChannelOnDiscoverPage">
    <skipped/>
  </testcase> <!-- searchNonExistingChannelOnDiscoverPage -->
  <testcase name="searchNonExistingChannelOnDiscoverPage" time="39.989" classname="com.uiFramework.KisanForum.KisanNetWeb.testScripts.Search.SearchNonExistingChannelOnDiscoverPage"/>
</testsuite> <!-- SearchNonExistingChannelOnDiscoverPage -->
