<?xml version="1.0" encoding="UTF-8"?>
<!-- Generated by org.testng.reporters.JUnitXMLReporter -->
<testsuite hostname="KisanAbhi-PC" name="UnfollowChannelFromHomePage" tests="1" failures="1" timestamp="5 Apr 2019 10:46:49 GMT" time="79.362" errors="0">
  <testcase name="unfollowChannelFromHomePage" time="69.673" classname="com.uiFramework.KisanForum.KisanNetWeb.testScripts.FollowAndUnFollowChannel.UnfollowChannelFromHomePage">
    <failure type="java.lang.AssertionError" message="expected [true] but found [false]">
      <![CDATA[java.lang.AssertionError: expected [true] but found [false]
	at com.uiFramework.KisanForum.KisanNetWeb.helper.assertion.AssertionHelper.fail(AssertionHelper.java:56)
	at com.uiFramework.KisanForum.KisanNetWeb.helper.assertion.AssertionHelper.updateTestStatus(AssertionHelper.java:68)
	at com.uiFramework.KisanForum.KisanNetWeb.testScripts.FollowAndUnFollowChannel.UnfollowChannelFromHomePage.unfollowChannelFromHomePage(UnfollowChannelFromHomePage.java:43)
... Removed 28 stack frames]]>
    </failure>
  </testcase> <!-- unfollowChannelFromHomePage -->
</testsuite> <!-- UnfollowChannelFromHomePage -->
