<?xml version="1.0" encoding="UTF-8"?>
<testng-results skipped="0" failed="1" total="1" passed="0">
  <reporter-output>
    <line>
      <![CDATA[captureScreen method called]]>
    </line>
    <line>
      <![CDATA[<a href='G:\Automation Projects\Kisan.NetWeb\src\main\resources\screenShots\blank_18_12_2018_02_52_13.png'><img src='G:\Automation Projects\Kisan.NetWeb\src\main\resources\screenShots\blank_18_12_2018_02_52_13.png'height='100' width='100'/></a>]]>
    </line>
    <line>
      <![CDATA[captureScreen method called]]>
    </line>
    <line>
      <![CDATA[<a href='G:\Automation Projects\Kisan.NetWeb\src\main\resources\screenShots\loginToApp_18_12_2018_02_52_14.png'><img src='G:\Automation Projects\Kisan.NetWeb\src\main\resources\screenShots\loginToApp_18_12_2018_02_52_14.png'height='100' width='100'/></a>]]>
    </line>
  </reporter-output>
  <suite name="Default suite" duration-ms="29648" started-at="2018-12-18T09:21:45Z" finished-at="2018-12-18T09:22:14Z">
    <groups>
    </groups>
    <test name="Default test" duration-ms="29648" started-at="2018-12-18T09:21:45Z" finished-at="2018-12-18T09:22:14Z">
      <class name="com.uiFramework.KisanForum.KisanNetWeb.testScripts.loginPage.LoginTest">
        <test-method status="PASS" signature="beforeSuite()[pri:0, instance:com.uiFramework.KisanForum.KisanNetWeb.testScripts.loginPage.LoginTest@617faa95]" name="beforeSuite" is-config="true" duration-ms="180" started-at="2018-12-18T14:51:45Z" finished-at="2018-12-18T14:51:45Z">
          <reporter-output>
          </reporter-output>
        </test-method> <!-- beforeSuite -->
        <test-method status="PASS" signature="beforeTest()[pri:0, instance:com.uiFramework.KisanForum.KisanNetWeb.testScripts.loginPage.LoginTest@617faa95]" name="beforeTest" is-config="true" duration-ms="4020" started-at="2018-12-18T14:51:45Z" finished-at="2018-12-18T14:51:49Z">
          <reporter-output>
          </reporter-output>
        </test-method> <!-- beforeTest -->
        <test-method status="PASS" signature="beforeMethod(java.lang.reflect.Method)[pri:0, instance:com.uiFramework.KisanForum.KisanNetWeb.testScripts.loginPage.LoginTest@617faa95]" name="beforeMethod" is-config="true" duration-ms="5" started-at="2018-12-18T14:51:49Z" finished-at="2018-12-18T14:51:49Z">
          <params>
            <param index="0">
              <value>
                <![CDATA[public void com.uiFramework.KisanForum.KisanNetWeb.testScripts.loginPage.LoginTest.loginToApp()]]>
              </value>
            </param>
          </params>
          <reporter-output>
          </reporter-output>
        </test-method> <!-- beforeMethod -->
        <test-method status="FAIL" signature="loginToApp()[pri:0, instance:com.uiFramework.KisanForum.KisanNetWeb.testScripts.loginPage.LoginTest@617faa95]" name="loginToApp" duration-ms="25054" started-at="2018-12-18T14:51:49Z" description="Onsite Registraion" finished-at="2018-12-18T14:52:14Z">
          <exception class="java.lang.ClassCastException">
            <message>
              <![CDATA[com.sun.proxy.$Proxy12 cannot be cast to java.util.List]]>
            </message>
            <full-stacktrace>
              <![CDATA[java.lang.ClassCastException: com.sun.proxy.$Proxy12 cannot be cast to java.util.List
	at com.uiFramework.KisanForum.KisanNetWeb.pageObject.LoginPage.clickOnCloseButton(LoginPage.java:85)
	at com.uiFramework.KisanForum.KisanNetWeb.testScripts.loginPage.LoginTest.loginToApp(LoginTest.java:34)
	at sun.reflect.NativeMethodAccessorImpl.invoke0(Native Method)
	at sun.reflect.NativeMethodAccessorImpl.invoke(NativeMethodAccessorImpl.java:62)
	at sun.reflect.DelegatingMethodAccessorImpl.invoke(DelegatingMethodAccessorImpl.java:43)
	at java.lang.reflect.Method.invoke(Method.java:498)
	at org.testng.internal.MethodInvocationHelper.invokeMethod(MethodInvocationHelper.java:80)
	at org.testng.internal.Invoker.invokeMethod(Invoker.java:714)
	at org.testng.internal.Invoker.invokeTestMethod(Invoker.java:901)
	at org.testng.internal.Invoker.invokeTestMethods(Invoker.java:1231)
	at org.testng.internal.TestMethodWorker.invokeTestMethods(TestMethodWorker.java:127)
	at org.testng.internal.TestMethodWorker.run(TestMethodWorker.java:111)
	at org.testng.TestRunner.privateRun(TestRunner.java:767)
	at org.testng.TestRunner.run(TestRunner.java:617)
	at org.testng.SuiteRunner.runTest(SuiteRunner.java:334)
	at org.testng.SuiteRunner.runSequentially(SuiteRunner.java:329)
	at org.testng.SuiteRunner.privateRun(SuiteRunner.java:291)
	at org.testng.SuiteRunner.run(SuiteRunner.java:240)
	at org.testng.SuiteRunnerWorker.runSuite(SuiteRunnerWorker.java:52)
	at org.testng.SuiteRunnerWorker.run(SuiteRunnerWorker.java:86)
	at org.testng.TestNG.runSuitesSequentially(TestNG.java:1198)
	at org.testng.TestNG.runSuitesLocally(TestNG.java:1123)
	at org.testng.TestNG.run(TestNG.java:1031)
	at org.testng.remote.AbstractRemoteTestNG.run(AbstractRemoteTestNG.java:114)
	at org.testng.remote.RemoteTestNG.initAndRun(RemoteTestNG.java:251)
	at org.testng.remote.RemoteTestNG.main(RemoteTestNG.java:77)
]]>
            </full-stacktrace>
          </exception> <!-- java.lang.ClassCastException -->
          <reporter-output>
            <line>
              <![CDATA[captureScreen method called]]>
            </line>
            <line>
              <![CDATA[<a href='G:\Automation Projects\Kisan.NetWeb\src\main\resources\screenShots\blank_18_12_2018_02_52_13.png'><img src='G:\Automation Projects\Kisan.NetWeb\src\main\resources\screenShots\blank_18_12_2018_02_52_13.png'height='100' width='100'/></a>]]>
            </line>
          </reporter-output>
        </test-method> <!-- loginToApp -->
        <test-method status="FAIL" signature="afterMethod(org.testng.ITestResult)[pri:0, instance:com.uiFramework.KisanForum.KisanNetWeb.testScripts.loginPage.LoginTest@617faa95]" name="afterMethod" is-config="true" duration-ms="0" started-at="2018-12-18T14:52:14Z" finished-at="2018-12-18T14:52:14Z">
          <params>
            <param index="0">
              <value>
                <![CDATA[[TestResult name=loginToApp status=FAILURE method=LoginTest.loginToApp()[pri:0, instance:com.uiFramework.KisanForum.KisanNetWeb.testScripts.loginPage.LoginTest@617faa95] output=captureScreen method called]]]>
              </value>
            </param>
          </params>
          <exception class="java.lang.NoClassDefFoundError">
            <message>
              <![CDATA[org/bson/types/ObjectId]]>
            </message>
            <full-stacktrace>
              <![CDATA[java.lang.NoClassDefFoundError: org/bson/types/ObjectId
	at java.lang.Class.getDeclaredMethods0(Native Method)
	at java.lang.Class.privateGetDeclaredMethods(Class.java:2701)
	at java.lang.Class.privateGetPublicMethods(Class.java:2902)
	at java.lang.Class.getMethods(Class.java:1615)
	at freemarker.ext.beans.ClassIntrospector.discoverAccessibleMethods(ClassIntrospector.java:464)
	at freemarker.ext.beans.ClassIntrospector.discoverAccessibleMethods(ClassIntrospector.java:457)
	at freemarker.ext.beans.ClassIntrospector.createClassIntrospectionData(ClassIntrospector.java:268)
	at freemarker.ext.beans.ClassIntrospector.get(ClassIntrospector.java:244)
	at freemarker.ext.beans.BeanModel.<init>(BeanModel.java:114)
	at freemarker.ext.beans.BeanModel.<init>(BeanModel.java:104)
	at freemarker.ext.beans.StringModel.<init>(StringModel.java:52)
	at freemarker.ext.beans.StringModel$1.create(StringModel.java:37)
	at freemarker.ext.beans.BeansModelCache.create(BeansModelCache.java:71)
	at freemarker.ext.util.ModelCache.getInstance(ModelCache.java:84)
	at freemarker.ext.beans.BeansWrapper.wrap(BeansWrapper.java:860)
	at freemarker.template.DefaultObjectWrapper.handleUnknownType(DefaultObjectWrapper.java:235)
	at freemarker.template.DefaultObjectWrapper.wrap(DefaultObjectWrapper.java:214)
	at freemarker.template.WrappingTemplateModel.wrap(WrappingTemplateModel.java:105)
	at freemarker.template.DefaultListAdapter.get(DefaultListAdapter.java:75)
	at freemarker.core.DynamicKeyName.dealWithNumericalKey(DynamicKeyName.java:104)
	at freemarker.core.DynamicKeyName._eval(DynamicKeyName.java:69)
	at freemarker.core.Expression.eval(Expression.java:78)
	at freemarker.core.Assignment.accept(Assignment.java:131)
	at freemarker.core.Environment.visit(Environment.java:324)
	at freemarker.core.MixedContent.accept(MixedContent.java:54)
	at freemarker.core.Environment.visitByHiddingParent(Environment.java:345)
	at freemarker.core.ConditionalBlock.accept(ConditionalBlock.java:48)
	at freemarker.core.Environment.visit(Environment.java:324)
	at freemarker.core.MixedContent.accept(MixedContent.java:54)
	at freemarker.core.Environment.visit(Environment.java:324)
	at freemarker.core.Environment.process(Environment.java:302)
	at freemarker.template.Template.process(Template.java:325)
	at com.aventstack.extentreports.reporter.ExtentHtmlReporter.flush(ExtentHtmlReporter.java:142)
	at java.util.ArrayList.forEach(ArrayList.java:1249)
	at com.aventstack.extentreports.Report.notifyReporters(Report.java:263)
	at com.aventstack.extentreports.Report.flush(Report.java:185)
	at com.aventstack.extentreports.ExtentReports.flush(ExtentReports.java:281)
	at com.uiFramework.KisanForum.KisanNetWeb.testbase.TestBase.afterMethod(TestBase.java:90)
	at sun.reflect.NativeMethodAccessorImpl.invoke0(Native Method)
	at sun.reflect.NativeMethodAccessorImpl.invoke(NativeMethodAccessorImpl.java:62)
	at sun.reflect.DelegatingMethodAccessorImpl.invoke(DelegatingMethodAccessorImpl.java:43)
	at java.lang.reflect.Method.invoke(Method.java:498)
	at org.testng.internal.MethodInvocationHelper.invokeMethod(MethodInvocationHelper.java:80)
	at org.testng.internal.Invoker.invokeConfigurationMethod(Invoker.java:564)
	at org.testng.internal.Invoker.invokeConfigurations(Invoker.java:213)
	at org.testng.internal.Invoker.invokeMethod(Invoker.java:786)
	at org.testng.internal.Invoker.invokeTestMethod(Invoker.java:901)
	at org.testng.internal.Invoker.invokeTestMethods(Invoker.java:1231)
	at org.testng.internal.TestMethodWorker.invokeTestMethods(TestMethodWorker.java:127)
	at org.testng.internal.TestMethodWorker.run(TestMethodWorker.java:111)
	at org.testng.TestRunner.privateRun(TestRunner.java:767)
	at org.testng.TestRunner.run(TestRunner.java:617)
	at org.testng.SuiteRunner.runTest(SuiteRunner.java:334)
	at org.testng.SuiteRunner.runSequentially(SuiteRunner.java:329)
	at org.testng.SuiteRunner.privateRun(SuiteRunner.java:291)
	at org.testng.SuiteRunner.run(SuiteRunner.java:240)
	at org.testng.SuiteRunnerWorker.runSuite(SuiteRunnerWorker.java:52)
	at org.testng.SuiteRunnerWorker.run(SuiteRunnerWorker.java:86)
	at org.testng.TestNG.runSuitesSequentially(TestNG.java:1198)
	at org.testng.TestNG.runSuitesLocally(TestNG.java:1123)
	at org.testng.TestNG.run(TestNG.java:1031)
	at org.testng.remote.AbstractRemoteTestNG.run(AbstractRemoteTestNG.java:114)
	at org.testng.remote.RemoteTestNG.initAndRun(RemoteTestNG.java:251)
	at org.testng.remote.RemoteTestNG.main(RemoteTestNG.java:77)
Caused by: java.lang.ClassNotFoundException: org.bson.types.ObjectId
	at java.net.URLClassLoader.findClass(URLClassLoader.java:381)
	at java.lang.ClassLoader.loadClass(ClassLoader.java:424)
	at sun.misc.Launcher$AppClassLoader.loadClass(Launcher.java:335)
	at java.lang.ClassLoader.loadClass(ClassLoader.java:357)
	... 64 more
]]>
            </full-stacktrace>
          </exception> <!-- java.lang.NoClassDefFoundError -->
          <reporter-output>
            <line>
              <![CDATA[captureScreen method called]]>
            </line>
            <line>
              <![CDATA[<a href='G:\Automation Projects\Kisan.NetWeb\src\main\resources\screenShots\loginToApp_18_12_2018_02_52_14.png'><img src='G:\Automation Projects\Kisan.NetWeb\src\main\resources\screenShots\loginToApp_18_12_2018_02_52_14.png'height='100' width='100'/></a>]]>
            </line>
          </reporter-output>
        </test-method> <!-- afterMethod -->
        <test-method status="SKIP" signature="afterTest()[pri:0, instance:com.uiFramework.KisanForum.KisanNetWeb.testScripts.loginPage.LoginTest@617faa95]" name="afterTest" is-config="true" duration-ms="0" started-at="2018-12-18T14:52:14Z" finished-at="2018-12-18T14:52:14Z">
          <reporter-output>
          </reporter-output>
        </test-method> <!-- afterTest -->
      </class> <!-- com.uiFramework.KisanForum.KisanNetWeb.testScripts.loginPage.LoginTest -->
    </test> <!-- Default test -->
  </suite> <!-- Default suite -->
</testng-results>
