<?xml version="1.0" encoding="UTF-8"?>
<testng-results skipped="0" failed="1" total="2" passed="1">
  <reporter-output>
    <line>
      <![CDATA[captureScreen method called]]>
    </line>
    <line>
      <![CDATA[<a href='C:\Users\KisanAbhi\git\Kisan.NetWeb\src\main\resources\screenShots\LoginPage_25_12_2019_10_59_27.png'><img src='C:\Users\KisanAbhi\git\Kisan.NetWeb\src\main\resources\screenShots\LoginPage_25_12_2019_10_59_27.png'height='100' width='100'/></a>]]>
    </line>
    <line>
      <![CDATA[captureScreen method called]]>
    </line>
    <line>
      <![CDATA[captureScreen method called]]>
    </line>
    <line>
      <![CDATA[<a href='C:\Users\KisanAbhi\git\Kisan.NetWeb\src\main\resources\screenShots\Homepage_25_12_2019_11_00_42.png'><img src='C:\Users\KisanAbhi\git\Kisan.NetWeb\src\main\resources\screenShots\Homepage_25_12_2019_11_00_42.png'height='100' width='100'/></a>]]>
    </line>
    <line>
      <![CDATA[captureScreen method called]]>
    </line>
    <line>
      <![CDATA[<a href='C:\Users\KisanAbhi\git\Kisan.NetWeb\src\main\resources\screenShots\ChannelChatWindow_25_12_2019_11_00_45.png'><img src='C:\Users\KisanAbhi\git\Kisan.NetWeb\src\main\resources\screenShots\ChannelChatWindow_25_12_2019_11_00_45.png'height='100' width='100'/></a>]]>
    </line>
    <line>
      <![CDATA[captureScreen method called]]>
    </line>
    <line>
      <![CDATA[<a href='C:\Users\KisanAbhi\git\Kisan.NetWeb\src\main\resources\screenShots\sendImagePostToFollowers_25_12_2019_11_01_09.png'><img src='C:\Users\KisanAbhi\git\Kisan.NetWeb\src\main\resources\screenShots\sendImagePostToFollowers_25_12_2019_11_01_09.png'height='100' width='100'/></a>]]>
    </line>
    <line>
      <![CDATA[captureScreen method called]]>
    </line>
    <line>
      <![CDATA[<a href='C:\Users\KisanAbhi\git\Kisan.NetWeb\src\main\resources\screenShots\LoginPage_25_12_2019_11_01_36.png'><img src='C:\Users\KisanAbhi\git\Kisan.NetWeb\src\main\resources\screenShots\LoginPage_25_12_2019_11_01_36.png'height='100' width='100'/></a>]]>
    </line>
    <line>
      <![CDATA[captureScreen method called]]>
    </line>
    <line>
      <![CDATA[<a href='C:\Users\KisanAbhi\git\Kisan.NetWeb\src\main\resources\screenShots\LoginPage_25_12_2019_11_01_37.png'><img src='C:\Users\KisanAbhi\git\Kisan.NetWeb\src\main\resources\screenShots\LoginPage_25_12_2019_11_01_37.png'height='100' width='100'/></a>]]>
    </line>
    <line>
      <![CDATA[captureScreen method called]]>
    </line>
    <line>
      <![CDATA[<a href='C:\Users\KisanAbhi\git\Kisan.NetWeb\src\main\resources\screenShots\Homepage_25_12_2019_11_03_28.png'><img src='C:\Users\KisanAbhi\git\Kisan.NetWeb\src\main\resources\screenShots\Homepage_25_12_2019_11_03_28.png'height='100' width='100'/></a>]]>
    </line>
    <line>
      <![CDATA[captureScreen method called]]>
    </line>
    <line>
      <![CDATA[<a href='C:\Users\KisanAbhi\git\Kisan.NetWeb\src\main\resources\screenShots\ChannelChatWindow_25_12_2019_11_03_34.png'><img src='C:\Users\KisanAbhi\git\Kisan.NetWeb\src\main\resources\screenShots\ChannelChatWindow_25_12_2019_11_03_34.png'height='100' width='100'/></a>]]>
    </line>
  </reporter-output>
  <suite name="Default suite" duration-ms="302466" started-at="2019-12-25T05:29:09Z" finished-at="2019-12-25T05:34:11Z">
    <groups>
    </groups>
    <test name="Default test" duration-ms="302466" started-at="2019-12-25T05:29:09Z" finished-at="2019-12-25T05:34:11Z">
      <class name="com.uiFramework.KisanForum.KisanNetWeb.testScripts.Messaging.SendPostToFollowers">
        <test-method status="PASS" signature="beforeSuite()[pri:0, instance:com.uiFramework.KisanForum.KisanNetWeb.testScripts.Messaging.SendPostToFollowers@60c6f5b]" name="beforeSuite" is-config="true" duration-ms="9" started-at="2019-12-25T10:59:09Z" finished-at="2019-12-25T10:59:09Z">
          <reporter-output>
          </reporter-output>
        </test-method> <!-- beforeSuite -->
        <test-method status="PASS" signature="beforeMethod(java.lang.reflect.Method)[pri:0, instance:com.uiFramework.KisanForum.KisanNetWeb.testScripts.Messaging.SendPostToFollowers@60c6f5b]" name="beforeMethod" is-config="true" duration-ms="17190" started-at="2019-12-25T10:59:09Z" finished-at="2019-12-25T10:59:26Z">
          <params>
            <param index="0">
              <value>
                <![CDATA[public void com.uiFramework.KisanForum.KisanNetWeb.testScripts.Messaging.SendPostToFollowers.sendImagePostToFollowers(java.lang.String,java.lang.String,java.lang.String,java.lang.String,java.lang.String) throws java.lang.Exception]]>
              </value>
            </param>
          </params>
          <reporter-output>
          </reporter-output>
        </test-method> <!-- beforeMethod -->
        <test-method status="FAIL" signature="sendImagePostToFollowers(java.lang.String, java.lang.String, java.lang.String, java.lang.String, java.lang.String)[pri:0, instance:com.uiFramework.KisanForum.KisanNetWeb.testScripts.Messaging.SendPostToFollowers@60c6f5b]" name="sendImagePostToFollowers" duration-ms="98981" started-at="2019-12-25T10:59:26Z" data-provider="Send post to channel followers" finished-at="2019-12-25T11:01:05Z">
          <params>
            <param index="0">
              <value>
                <![CDATA[extra2@mailinator.com]]>
              </value>
            </param>
            <param index="1">
              <value>
                <![CDATA[kisankisan]]>
              </value>
            </param>
            <param index="2">
              <value>
                <![CDATA[BAJAJ FINANCE Limited]]>
              </value>
            </param>
            <param index="3">
              <value>
                <![CDATA[Hey followers, Automation in progress]]>
              </value>
            </param>
            <param index="4">
              <value>
                <![CDATA[Y]]>
              </value>
            </param>
          </params>
          <exception class="org.openqa.selenium.WebDriverException">
            <message>
              <![CDATA[unknown error: Element <a _ngcontent-hay-c17="">...</a> is not clickable at point (1204, 296). Other element would receive the click: <div id="cdk-overlay-0" class="cdk-overlay-pane" style="pointer-events: auto; position: static;">...</div>
  (Session info: chrome=79.0.3945.88)
  (Driver info: chromedriver=2.38.552522 (437e6fbedfa8762dec75e2c5b3ddb86763dc9dcb),platform=Windows NT 6.1.7601 SP1 x86_64) (WARNING: The server did not provide any stacktrace information)
Command duration or timeout: 0 milliseconds
Build info: version: '3.12.0', revision: '7c6e0b3', time: '2018-05-08T14:04:26.12Z'
System info: host: 'KISANABHI-PC', ip: '192.168.0.215', os.name: 'Windows 7', os.arch: 'amd64', os.version: '6.1', java.version: '1.8.0_221'
Driver info: org.openqa.selenium.chrome.ChromeDriver
Capabilities {acceptInsecureCerts: false, acceptSslCerts: false, applicationCacheEnabled: false, browserConnectionEnabled: false, browserName: chrome, chrome: {chromedriverVersion: 2.38.552522 (437e6fbedfa876..., userDataDir: C:\Users\KISANA~1\AppData\L...}, cssSelectorsEnabled: true, databaseEnabled: false, handlesAlerts: true, hasTouchScreen: false, javascriptEnabled: true, locationContextEnabled: true, mobileEmulationEnabled: false, nativeEvents: true, networkConnectionEnabled: false, pageLoadStrategy: normal, platform: XP, platformName: XP, rotatable: false, setWindowRect: true, takesHeapSnapshot: true, takesScreenshot: true, unexpectedAlertBehaviour: , unhandledPromptBehavior: , version: 79.0.3945.88, webStorageEnabled: true}
Session ID: 7eb081c42b3b162a31fe9a927259dd1f]]>
            </message>
            <full-stacktrace>
              <![CDATA[org.openqa.selenium.WebDriverException: unknown error: Element <a _ngcontent-hay-c17="">...</a> is not clickable at point (1204, 296). Other element would receive the click: <div id="cdk-overlay-0" class="cdk-overlay-pane" style="pointer-events: auto; position: static;">...</div>
  (Session info: chrome=79.0.3945.88)
  (Driver info: chromedriver=2.38.552522 (437e6fbedfa8762dec75e2c5b3ddb86763dc9dcb),platform=Windows NT 6.1.7601 SP1 x86_64) (WARNING: The server did not provide any stacktrace information)
Command duration or timeout: 0 milliseconds
Build info: version: '3.12.0', revision: '7c6e0b3', time: '2018-05-08T14:04:26.12Z'
System info: host: 'KISANABHI-PC', ip: '192.168.0.215', os.name: 'Windows 7', os.arch: 'amd64', os.version: '6.1', java.version: '1.8.0_221'
Driver info: org.openqa.selenium.chrome.ChromeDriver
Capabilities {acceptInsecureCerts: false, acceptSslCerts: false, applicationCacheEnabled: false, browserConnectionEnabled: false, browserName: chrome, chrome: {chromedriverVersion: 2.38.552522 (437e6fbedfa876..., userDataDir: C:\Users\KISANA~1\AppData\L...}, cssSelectorsEnabled: true, databaseEnabled: false, handlesAlerts: true, hasTouchScreen: false, javascriptEnabled: true, locationContextEnabled: true, mobileEmulationEnabled: false, nativeEvents: true, networkConnectionEnabled: false, pageLoadStrategy: normal, platform: XP, platformName: XP, rotatable: false, setWindowRect: true, takesHeapSnapshot: true, takesScreenshot: true, unexpectedAlertBehaviour: , unhandledPromptBehavior: , version: 79.0.3945.88, webStorageEnabled: true}
Session ID: 7eb081c42b3b162a31fe9a927259dd1f
	at sun.reflect.NativeConstructorAccessorImpl.newInstance0(Native Method)
	at sun.reflect.NativeConstructorAccessorImpl.newInstance(Unknown Source)
	at sun.reflect.DelegatingConstructorAccessorImpl.newInstance(Unknown Source)
	at java.lang.reflect.Constructor.newInstance(Unknown Source)
	at org.openqa.selenium.remote.ErrorHandler.createThrowable(ErrorHandler.java:214)
	at org.openqa.selenium.remote.ErrorHandler.throwIfResponseFailed(ErrorHandler.java:166)
	at org.openqa.selenium.remote.http.JsonHttpResponseCodec.reconstructValue(JsonHttpResponseCodec.java:40)
	at org.openqa.selenium.remote.http.AbstractHttpResponseCodec.decode(AbstractHttpResponseCodec.java:80)
	at org.openqa.selenium.remote.http.AbstractHttpResponseCodec.decode(AbstractHttpResponseCodec.java:44)
	at org.openqa.selenium.remote.HttpCommandExecutor.execute(HttpCommandExecutor.java:158)
	at org.openqa.selenium.remote.service.DriverCommandExecutor.execute(DriverCommandExecutor.java:83)
	at org.openqa.selenium.remote.RemoteWebDriver.execute(RemoteWebDriver.java:543)
	at org.openqa.selenium.remote.RemoteWebElement.execute(RemoteWebElement.java:276)
	at org.openqa.selenium.remote.RemoteWebElement.click(RemoteWebElement.java:83)
	at sun.reflect.NativeMethodAccessorImpl.invoke0(Native Method)
	at sun.reflect.NativeMethodAccessorImpl.invoke(Unknown Source)
	at sun.reflect.DelegatingMethodAccessorImpl.invoke(Unknown Source)
	at java.lang.reflect.Method.invoke(Unknown Source)
	at org.openqa.selenium.support.pagefactory.internal.LocatingElementHandler.invoke(LocatingElementHandler.java:51)
	at com.sun.proxy.$Proxy11.click(Unknown Source)
	at com.uiFramework.KisanForum.KisanNetWeb.pageObject.ChannelChatWindow.clickOnPostOption(ChannelChatWindow.java:307)
	at com.uiFramework.KisanForum.KisanNetWeb.testScripts.Messaging.SendPostToFollowers.sendImagePostToFollowers(SendPostToFollowers.java:33)
	at sun.reflect.NativeMethodAccessorImpl.invoke0(Native Method)
	at sun.reflect.NativeMethodAccessorImpl.invoke(Unknown Source)
	at sun.reflect.DelegatingMethodAccessorImpl.invoke(Unknown Source)
	at java.lang.reflect.Method.invoke(Unknown Source)
	at org.testng.internal.MethodInvocationHelper.invokeMethod(MethodInvocationHelper.java:80)
	at org.testng.internal.Invoker.invokeMethod(Invoker.java:714)
	at org.testng.internal.Invoker.invokeTestMethod(Invoker.java:901)
	at org.testng.internal.Invoker.invokeTestMethods(Invoker.java:1231)
	at org.testng.internal.TestMethodWorker.invokeTestMethods(TestMethodWorker.java:127)
	at org.testng.internal.TestMethodWorker.run(TestMethodWorker.java:111)
	at org.testng.TestRunner.privateRun(TestRunner.java:767)
	at org.testng.TestRunner.run(TestRunner.java:617)
	at org.testng.SuiteRunner.runTest(SuiteRunner.java:334)
	at org.testng.SuiteRunner.runSequentially(SuiteRunner.java:329)
	at org.testng.SuiteRunner.privateRun(SuiteRunner.java:291)
	at org.testng.SuiteRunner.run(SuiteRunner.java:240)
	at org.testng.SuiteRunnerWorker.runSuite(SuiteRunnerWorker.java:52)
	at org.testng.SuiteRunnerWorker.run(SuiteRunnerWorker.java:86)
	at org.testng.TestNG.runSuitesSequentially(TestNG.java:1198)
	at org.testng.TestNG.runSuitesLocally(TestNG.java:1123)
	at org.testng.TestNG.run(TestNG.java:1031)
	at org.testng.remote.AbstractRemoteTestNG.run(AbstractRemoteTestNG.java:114)
	at org.testng.remote.RemoteTestNG.initAndRun(RemoteTestNG.java:251)
	at org.testng.remote.RemoteTestNG.main(RemoteTestNG.java:77)
]]>
            </full-stacktrace>
          </exception> <!-- org.openqa.selenium.WebDriverException -->
          <reporter-output>
            <line>
              <![CDATA[captureScreen method called]]>
            </line>
            <line>
              <![CDATA[<a href='C:\Users\KisanAbhi\git\Kisan.NetWeb\src\main\resources\screenShots\LoginPage_25_12_2019_10_59_27.png'><img src='C:\Users\KisanAbhi\git\Kisan.NetWeb\src\main\resources\screenShots\LoginPage_25_12_2019_10_59_27.png'height='100' width='100'/></a>]]>
            </line>
            <line>
              <![CDATA[captureScreen method called]]>
            </line>
            <line>
              <![CDATA[captureScreen method called]]>
            </line>
            <line>
              <![CDATA[<a href='C:\Users\KisanAbhi\git\Kisan.NetWeb\src\main\resources\screenShots\Homepage_25_12_2019_11_00_42.png'><img src='C:\Users\KisanAbhi\git\Kisan.NetWeb\src\main\resources\screenShots\Homepage_25_12_2019_11_00_42.png'height='100' width='100'/></a>]]>
            </line>
            <line>
              <![CDATA[captureScreen method called]]>
            </line>
            <line>
              <![CDATA[<a href='C:\Users\KisanAbhi\git\Kisan.NetWeb\src\main\resources\screenShots\ChannelChatWindow_25_12_2019_11_00_45.png'><img src='C:\Users\KisanAbhi\git\Kisan.NetWeb\src\main\resources\screenShots\ChannelChatWindow_25_12_2019_11_00_45.png'height='100' width='100'/></a>]]>
            </line>
          </reporter-output>
        </test-method> <!-- sendImagePostToFollowers -->
        <test-method status="PASS" signature="afterMethod(org.testng.ITestResult)[pri:0, instance:com.uiFramework.KisanForum.KisanNetWeb.testScripts.Messaging.SendPostToFollowers@60c6f5b]" name="afterMethod" is-config="true" duration-ms="7073" started-at="2019-12-25T11:01:05Z" finished-at="2019-12-25T11:01:12Z">
          <params>
            <param index="0">
              <value>
                <![CDATA[[TestResult name=sendImagePostToFollowers status=FAILURE method=SendPostToFollowers.sendImagePostToFollowers(java.lang.String, java.lang.String, java.lang.String, java.lang.String, java.lang.String)[pri:0, instance:com.uiFramework.KisanForum.KisanNetWeb.testScripts.Messaging.SendPostToFollowers@60c6f5b] output=captureScreen method called]]]>
              </value>
            </param>
          </params>
          <reporter-output>
            <line>
              <![CDATA[captureScreen method called]]>
            </line>
            <line>
              <![CDATA[<a href='C:\Users\KisanAbhi\git\Kisan.NetWeb\src\main\resources\screenShots\sendImagePostToFollowers_25_12_2019_11_01_09.png'><img src='C:\Users\KisanAbhi\git\Kisan.NetWeb\src\main\resources\screenShots\sendImagePostToFollowers_25_12_2019_11_01_09.png'height='100' width='100'/></a>]]>
            </line>
          </reporter-output>
        </test-method> <!-- afterMethod -->
        <test-method status="PASS" signature="beforeMethod(java.lang.reflect.Method)[pri:0, instance:com.uiFramework.KisanForum.KisanNetWeb.testScripts.Messaging.SendPostToFollowers@60c6f5b]" name="beforeMethod" is-config="true" duration-ms="23613" started-at="2019-12-25T11:01:13Z" finished-at="2019-12-25T11:01:36Z">
          <params>
            <param index="0">
              <value>
                <![CDATA[public void com.uiFramework.KisanForum.KisanNetWeb.testScripts.Messaging.SendPostToFollowers.sendVideoPostToFollowers(java.lang.String,java.lang.String,java.lang.String,java.lang.String,java.lang.String) throws java.lang.Exception]]>
              </value>
            </param>
          </params>
          <reporter-output>
          </reporter-output>
        </test-method> <!-- beforeMethod -->
        <test-method status="PASS" signature="sendVideoPostToFollowers(java.lang.String, java.lang.String, java.lang.String, java.lang.String, java.lang.String)[pri:0, instance:com.uiFramework.KisanForum.KisanNetWeb.testScripts.Messaging.SendPostToFollowers@60c6f5b]" name="sendVideoPostToFollowers" duration-ms="150378" started-at="2019-12-25T11:01:36Z" data-provider="Send post to channel followers" finished-at="2019-12-25T11:04:07Z">
          <params>
            <param index="0">
              <value>
                <![CDATA[extra2@mailinator.com]]>
              </value>
            </param>
            <param index="1">
              <value>
                <![CDATA[kisankisan]]>
              </value>
            </param>
            <param index="2">
              <value>
                <![CDATA[BAJAJ FINANCE Limited]]>
              </value>
            </param>
            <param index="3">
              <value>
                <![CDATA[Hey followers, Automation in progress]]>
              </value>
            </param>
            <param index="4">
              <value>
                <![CDATA[Y]]>
              </value>
            </param>
          </params>
          <reporter-output>
            <line>
              <![CDATA[captureScreen method called]]>
            </line>
            <line>
              <![CDATA[<a href='C:\Users\KisanAbhi\git\Kisan.NetWeb\src\main\resources\screenShots\LoginPage_25_12_2019_11_01_36.png'><img src='C:\Users\KisanAbhi\git\Kisan.NetWeb\src\main\resources\screenShots\LoginPage_25_12_2019_11_01_36.png'height='100' width='100'/></a>]]>
            </line>
            <line>
              <![CDATA[captureScreen method called]]>
            </line>
            <line>
              <![CDATA[<a href='C:\Users\KisanAbhi\git\Kisan.NetWeb\src\main\resources\screenShots\LoginPage_25_12_2019_11_01_37.png'><img src='C:\Users\KisanAbhi\git\Kisan.NetWeb\src\main\resources\screenShots\LoginPage_25_12_2019_11_01_37.png'height='100' width='100'/></a>]]>
            </line>
            <line>
              <![CDATA[captureScreen method called]]>
            </line>
            <line>
              <![CDATA[<a href='C:\Users\KisanAbhi\git\Kisan.NetWeb\src\main\resources\screenShots\Homepage_25_12_2019_11_03_28.png'><img src='C:\Users\KisanAbhi\git\Kisan.NetWeb\src\main\resources\screenShots\Homepage_25_12_2019_11_03_28.png'height='100' width='100'/></a>]]>
            </line>
            <line>
              <![CDATA[captureScreen method called]]>
            </line>
            <line>
              <![CDATA[<a href='C:\Users\KisanAbhi\git\Kisan.NetWeb\src\main\resources\screenShots\ChannelChatWindow_25_12_2019_11_03_34.png'><img src='C:\Users\KisanAbhi\git\Kisan.NetWeb\src\main\resources\screenShots\ChannelChatWindow_25_12_2019_11_03_34.png'height='100' width='100'/></a>]]>
            </line>
          </reporter-output>
        </test-method> <!-- sendVideoPostToFollowers -->
        <test-method status="PASS" signature="afterMethod(org.testng.ITestResult)[pri:0, instance:com.uiFramework.KisanForum.KisanNetWeb.testScripts.Messaging.SendPostToFollowers@60c6f5b]" name="afterMethod" is-config="true" duration-ms="4401" started-at="2019-12-25T11:04:07Z" finished-at="2019-12-25T11:04:11Z">
          <params>
            <param index="0">
              <value>
                <![CDATA[[TestResult name=sendVideoPostToFollowers status=SUCCESS method=SendPostToFollowers.sendVideoPostToFollowers(java.lang.String, java.lang.String, java.lang.String, java.lang.String, java.lang.String)[pri:0, instance:com.uiFramework.KisanForum.KisanNetWeb.testScripts.Messaging.SendPostToFollowers@60c6f5b] output=captureScreen method called]]]>
              </value>
            </param>
          </params>
          <reporter-output>
          </reporter-output>
        </test-method> <!-- afterMethod -->
      </class> <!-- com.uiFramework.KisanForum.KisanNetWeb.testScripts.Messaging.SendPostToFollowers -->
    </test> <!-- Default test -->
  </suite> <!-- Default suite -->
</testng-results>
