<?xml version="1.0" encoding="UTF-8"?>
<testng-results skipped="0" failed="1" total="1" passed="0">
  <reporter-output>
    <line>
      <![CDATA[captureScreen method called]]>
    </line>
    <line>
      <![CDATA[<a href='G:\Automation Projects\Kisan.NetWeb\src\main\resources\screenShots\blank_04_01_2019_05_36_19.png'><img src='G:\Automation Projects\Kisan.NetWeb\src\main\resources\screenShots\blank_04_01_2019_05_36_19.png'height='100' width='100'/></a>]]>
    </line>
    <line>
      <![CDATA[captureScreen method called]]>
    </line>
    <line>
      <![CDATA[<a href='G:\Automation Projects\Kisan.NetWeb\src\main\resources\screenShots\blank_04_01_2019_05_36_20.png'><img src='G:\Automation Projects\Kisan.NetWeb\src\main\resources\screenShots\blank_04_01_2019_05_36_20.png'height='100' width='100'/></a>]]>
    </line>
    <line>
      <![CDATA[captureScreen method called]]>
    </line>
    <line>
      <![CDATA[<a href='G:\Automation Projects\Kisan.NetWeb\src\main\resources\screenShots\blank_04_01_2019_05_36_24.png'><img src='G:\Automation Projects\Kisan.NetWeb\src\main\resources\screenShots\blank_04_01_2019_05_36_24.png'height='100' width='100'/></a>]]>
    </line>
    <line>
      <![CDATA[captureScreen method called]]>
    </line>
    <line>
      <![CDATA[<a href='G:\Automation Projects\Kisan.NetWeb\src\main\resources\screenShots\blank_04_01_2019_05_36_52.png'><img src='G:\Automation Projects\Kisan.NetWeb\src\main\resources\screenShots\blank_04_01_2019_05_36_52.png'height='100' width='100'/></a>]]>
    </line>
    <line>
      <![CDATA[captureScreen method called]]>
    </line>
    <line>
      <![CDATA[<a href='G:\Automation Projects\Kisan.NetWeb\src\main\resources\screenShots\blank_04_01_2019_05_36_53.png'><img src='G:\Automation Projects\Kisan.NetWeb\src\main\resources\screenShots\blank_04_01_2019_05_36_53.png'height='100' width='100'/></a>]]>
    </line>
    <line>
      <![CDATA[captureScreen method called]]>
    </line>
    <line>
      <![CDATA[<a href='G:\Automation Projects\Kisan.NetWeb\src\main\resources\screenShots\inviteToFollowChannelWithValidNumber_04_01_2019_05_36_57.png'><img src='G:\Automation Projects\Kisan.NetWeb\src\main\resources\screenShots\inviteToFollowChannelWithValidNumber_04_01_2019_05_36_57.png'height='100' width='100'/></a>]]>
    </line>
  </reporter-output>
  <suite name="Default suite" duration-ms="53974" started-at="2019-01-04T12:06:06Z" finished-at="2019-01-04T12:07:00Z">
    <groups>
    </groups>
    <test name="Default test" duration-ms="53974" started-at="2019-01-04T12:06:06Z" finished-at="2019-01-04T12:07:00Z">
      <class name="com.uiFramework.KisanForum.KisanNetWeb.testScripts.Invitations.FollowChannelInviteToValidNumber">
        <test-method status="PASS" signature="beforeSuite()[pri:0, instance:com.uiFramework.KisanForum.KisanNetWeb.testScripts.Invitations.FollowChannelInviteToValidNumber@3327bd23]" name="beforeSuite" is-config="true" duration-ms="172" started-at="2019-01-04T17:36:05Z" finished-at="2019-01-04T17:36:06Z">
          <reporter-output>
          </reporter-output>
        </test-method> <!-- beforeSuite -->
        <test-method status="PASS" signature="beforeTest()[pri:0, instance:com.uiFramework.KisanForum.KisanNetWeb.testScripts.Invitations.FollowChannelInviteToValidNumber@3327bd23]" name="beforeTest" is-config="true" duration-ms="4083" started-at="2019-01-04T17:36:06Z" finished-at="2019-01-04T17:36:10Z">
          <reporter-output>
          </reporter-output>
        </test-method> <!-- beforeTest -->
        <test-method status="PASS" signature="beforeClass()[pri:0, instance:com.uiFramework.KisanForum.KisanNetWeb.testScripts.Invitations.FollowChannelInviteToValidNumber@3327bd23]" name="beforeClass" is-config="true" duration-ms="8909" started-at="2019-01-04T17:36:10Z" finished-at="2019-01-04T17:36:19Z">
          <reporter-output>
          </reporter-output>
        </test-method> <!-- beforeClass -->
        <test-method status="PASS" signature="beforeMethod(java.lang.reflect.Method)[pri:0, instance:com.uiFramework.KisanForum.KisanNetWeb.testScripts.Invitations.FollowChannelInviteToValidNumber@3327bd23]" name="beforeMethod" is-config="true" duration-ms="1" started-at="2019-01-04T17:36:19Z" finished-at="2019-01-04T17:36:19Z">
          <params>
            <param index="0">
              <value>
                <![CDATA[public void com.uiFramework.KisanForum.KisanNetWeb.testScripts.Invitations.FollowChannelInviteToValidNumber.inviteToFollowChannelWithValidNumber(java.lang.String,java.lang.String,java.lang.String,java.lang.String,java.lang.String) throws java.lang.Exception]]>
              </value>
            </param>
          </params>
          <reporter-output>
          </reporter-output>
        </test-method> <!-- beforeMethod -->
        <test-method status="FAIL" signature="inviteToFollowChannelWithValidNumber(java.lang.String, java.lang.String, java.lang.String, java.lang.String, java.lang.String)[pri:0, instance:com.uiFramework.KisanForum.KisanNetWeb.testScripts.Invitations.FollowChannelInviteToValidNumber@3327bd23]" name="inviteToFollowChannelWithValidNumber" duration-ms="34136" started-at="2019-01-04T17:36:19Z" description="Invite to follow channel with valid number" data-provider="get invite list" finished-at="2019-01-04T17:36:53Z">
          <params>
            <param index="0">
              <value>
                <![CDATA[manisha.kisan17@gmail.com]]>
              </value>
            </param>
            <param index="1">
              <value>
                <![CDATA[manisha123]]>
              </value>
            </param>
            <param index="2">
              <value>
                <![CDATA[KISAN]]>
              </value>
            </param>
            <param index="3">
              <value>
                <![CDATA[9021633629]]>
              </value>
            </param>
            <param index="4">
              <value>
                <![CDATA[Y]]>
              </value>
            </param>
          </params>
          <exception class="org.openqa.selenium.WebDriverException">
            <message>
              <![CDATA[unknown error: Element <button aria-haspopup="true" mat-icon-button="" class="mat-icon-button cdk-focused cdk-program-focused">...</button> is not clickable at point (360, 33). Other element would receive the click: <div class="loadingoverlay" style="background-color: rgba(255, 255, 255, 0.8); position: fixed; display: flex; flex-direction: column; align-items: center; justify-content: center; z-index: 2147483647; background-image: url(&quot;/assets/img/loader.gif&quot;); background-position: center center; background-repeat: no-repeat; top: 0px; left: 0px; width: 100%; height: 100%; background-size: 100px;"></div>
  (Session info: chrome=70.0.3538.110)
  (Driver info: chromedriver=2.38.552522 (437e6fbedfa8762dec75e2c5b3ddb86763dc9dcb),platform=Windows NT 6.1.7601 SP1 x86_64) (WARNING: The server did not provide any stacktrace information)
Command duration or timeout: 0 milliseconds
Build info: version: '3.12.0', revision: '7c6e0b3', time: '2018-05-08T14:04:26.12Z'
System info: host: 'KISANABHI-PC', ip: '192.168.0.126', os.name: 'Windows 7', os.arch: 'amd64', os.version: '6.1', java.version: '1.8.0_144'
Driver info: org.openqa.selenium.chrome.ChromeDriver
Capabilities {acceptInsecureCerts: false, acceptSslCerts: false, applicationCacheEnabled: false, browserConnectionEnabled: false, browserName: chrome, chrome: {chromedriverVersion: 2.38.552522 (437e6fbedfa876..., userDataDir: C:\Users\KISANA~1\AppData\L...}, cssSelectorsEnabled: true, databaseEnabled: false, handlesAlerts: true, hasTouchScreen: false, javascriptEnabled: true, locationContextEnabled: true, mobileEmulationEnabled: false, nativeEvents: true, networkConnectionEnabled: false, pageLoadStrategy: normal, platform: XP, platformName: XP, rotatable: false, setWindowRect: true, takesHeapSnapshot: true, takesScreenshot: true, unexpectedAlertBehaviour: , unhandledPromptBehavior: , version: 70.0.3538.110, webStorageEnabled: true}
Session ID: 8b102301ee3d5168a74fffe7aa9c2005]]>
            </message>
            <full-stacktrace>
              <![CDATA[org.openqa.selenium.WebDriverException: unknown error: Element <button aria-haspopup="true" mat-icon-button="" class="mat-icon-button cdk-focused cdk-program-focused">...</button> is not clickable at point (360, 33). Other element would receive the click: <div class="loadingoverlay" style="background-color: rgba(255, 255, 255, 0.8); position: fixed; display: flex; flex-direction: column; align-items: center; justify-content: center; z-index: 2147483647; background-image: url(&quot;/assets/img/loader.gif&quot;); background-position: center center; background-repeat: no-repeat; top: 0px; left: 0px; width: 100%; height: 100%; background-size: 100px;"></div>
  (Session info: chrome=70.0.3538.110)
  (Driver info: chromedriver=2.38.552522 (437e6fbedfa8762dec75e2c5b3ddb86763dc9dcb),platform=Windows NT 6.1.7601 SP1 x86_64) (WARNING: The server did not provide any stacktrace information)
Command duration or timeout: 0 milliseconds
Build info: version: '3.12.0', revision: '7c6e0b3', time: '2018-05-08T14:04:26.12Z'
System info: host: 'KISANABHI-PC', ip: '192.168.0.126', os.name: 'Windows 7', os.arch: 'amd64', os.version: '6.1', java.version: '1.8.0_144'
Driver info: org.openqa.selenium.chrome.ChromeDriver
Capabilities {acceptInsecureCerts: false, acceptSslCerts: false, applicationCacheEnabled: false, browserConnectionEnabled: false, browserName: chrome, chrome: {chromedriverVersion: 2.38.552522 (437e6fbedfa876..., userDataDir: C:\Users\KISANA~1\AppData\L...}, cssSelectorsEnabled: true, databaseEnabled: false, handlesAlerts: true, hasTouchScreen: false, javascriptEnabled: true, locationContextEnabled: true, mobileEmulationEnabled: false, nativeEvents: true, networkConnectionEnabled: false, pageLoadStrategy: normal, platform: XP, platformName: XP, rotatable: false, setWindowRect: true, takesHeapSnapshot: true, takesScreenshot: true, unexpectedAlertBehaviour: , unhandledPromptBehavior: , version: 70.0.3538.110, webStorageEnabled: true}
Session ID: 8b102301ee3d5168a74fffe7aa9c2005
	at sun.reflect.NativeConstructorAccessorImpl.newInstance0(Native Method)
	at sun.reflect.NativeConstructorAccessorImpl.newInstance(NativeConstructorAccessorImpl.java:62)
	at sun.reflect.DelegatingConstructorAccessorImpl.newInstance(DelegatingConstructorAccessorImpl.java:45)
	at java.lang.reflect.Constructor.newInstance(Constructor.java:423)
	at org.openqa.selenium.remote.ErrorHandler.createThrowable(ErrorHandler.java:214)
	at org.openqa.selenium.remote.ErrorHandler.throwIfResponseFailed(ErrorHandler.java:166)
	at org.openqa.selenium.remote.http.JsonHttpResponseCodec.reconstructValue(JsonHttpResponseCodec.java:40)
	at org.openqa.selenium.remote.http.AbstractHttpResponseCodec.decode(AbstractHttpResponseCodec.java:80)
	at org.openqa.selenium.remote.http.AbstractHttpResponseCodec.decode(AbstractHttpResponseCodec.java:44)
	at org.openqa.selenium.remote.HttpCommandExecutor.execute(HttpCommandExecutor.java:158)
	at org.openqa.selenium.remote.service.DriverCommandExecutor.execute(DriverCommandExecutor.java:83)
	at org.openqa.selenium.remote.RemoteWebDriver.execute(RemoteWebDriver.java:543)
	at org.openqa.selenium.remote.RemoteWebElement.execute(RemoteWebElement.java:276)
	at org.openqa.selenium.remote.RemoteWebElement.click(RemoteWebElement.java:83)
	at sun.reflect.NativeMethodAccessorImpl.invoke0(Native Method)
	at sun.reflect.NativeMethodAccessorImpl.invoke(NativeMethodAccessorImpl.java:62)
	at sun.reflect.DelegatingMethodAccessorImpl.invoke(DelegatingMethodAccessorImpl.java:43)
	at java.lang.reflect.Method.invoke(Method.java:498)
	at org.openqa.selenium.support.pagefactory.internal.LocatingElementHandler.invoke(LocatingElementHandler.java:51)
	at com.sun.proxy.$Proxy14.click(Unknown Source)
	at com.uiFramework.KisanForum.KisanNetWeb.pageObject.ChannelProfile.clickOnRightOptionMenu(ChannelProfile.java:77)
	at com.uiFramework.KisanForum.KisanNetWeb.testScripts.Invitations.FollowChannelInviteToValidNumber.inviteToFollowChannelWithValidNumber(FollowChannelInviteToValidNumber.java:40)
	at sun.reflect.NativeMethodAccessorImpl.invoke0(Native Method)
	at sun.reflect.NativeMethodAccessorImpl.invoke(NativeMethodAccessorImpl.java:62)
	at sun.reflect.DelegatingMethodAccessorImpl.invoke(DelegatingMethodAccessorImpl.java:43)
	at java.lang.reflect.Method.invoke(Method.java:498)
	at org.testng.internal.MethodInvocationHelper.invokeMethod(MethodInvocationHelper.java:80)
	at org.testng.internal.Invoker.invokeMethod(Invoker.java:714)
	at org.testng.internal.Invoker.invokeTestMethod(Invoker.java:901)
	at org.testng.internal.Invoker.invokeTestMethods(Invoker.java:1231)
	at org.testng.internal.TestMethodWorker.invokeTestMethods(TestMethodWorker.java:127)
	at org.testng.internal.TestMethodWorker.run(TestMethodWorker.java:111)
	at org.testng.TestRunner.privateRun(TestRunner.java:767)
	at org.testng.TestRunner.run(TestRunner.java:617)
	at org.testng.SuiteRunner.runTest(SuiteRunner.java:334)
	at org.testng.SuiteRunner.runSequentially(SuiteRunner.java:329)
	at org.testng.SuiteRunner.privateRun(SuiteRunner.java:291)
	at org.testng.SuiteRunner.run(SuiteRunner.java:240)
	at org.testng.SuiteRunnerWorker.runSuite(SuiteRunnerWorker.java:52)
	at org.testng.SuiteRunnerWorker.run(SuiteRunnerWorker.java:86)
	at org.testng.TestNG.runSuitesSequentially(TestNG.java:1198)
	at org.testng.TestNG.runSuitesLocally(TestNG.java:1123)
	at org.testng.TestNG.run(TestNG.java:1031)
	at org.testng.remote.AbstractRemoteTestNG.run(AbstractRemoteTestNG.java:114)
	at org.testng.remote.RemoteTestNG.initAndRun(RemoteTestNG.java:251)
	at org.testng.remote.RemoteTestNG.main(RemoteTestNG.java:77)
]]>
            </full-stacktrace>
          </exception> <!-- org.openqa.selenium.WebDriverException -->
          <reporter-output>
            <line>
              <![CDATA[captureScreen method called]]>
            </line>
            <line>
              <![CDATA[<a href='G:\Automation Projects\Kisan.NetWeb\src\main\resources\screenShots\blank_04_01_2019_05_36_19.png'><img src='G:\Automation Projects\Kisan.NetWeb\src\main\resources\screenShots\blank_04_01_2019_05_36_19.png'height='100' width='100'/></a>]]>
            </line>
            <line>
              <![CDATA[captureScreen method called]]>
            </line>
            <line>
              <![CDATA[<a href='G:\Automation Projects\Kisan.NetWeb\src\main\resources\screenShots\blank_04_01_2019_05_36_20.png'><img src='G:\Automation Projects\Kisan.NetWeb\src\main\resources\screenShots\blank_04_01_2019_05_36_20.png'height='100' width='100'/></a>]]>
            </line>
            <line>
              <![CDATA[captureScreen method called]]>
            </line>
            <line>
              <![CDATA[<a href='G:\Automation Projects\Kisan.NetWeb\src\main\resources\screenShots\blank_04_01_2019_05_36_24.png'><img src='G:\Automation Projects\Kisan.NetWeb\src\main\resources\screenShots\blank_04_01_2019_05_36_24.png'height='100' width='100'/></a>]]>
            </line>
            <line>
              <![CDATA[captureScreen method called]]>
            </line>
            <line>
              <![CDATA[<a href='G:\Automation Projects\Kisan.NetWeb\src\main\resources\screenShots\blank_04_01_2019_05_36_52.png'><img src='G:\Automation Projects\Kisan.NetWeb\src\main\resources\screenShots\blank_04_01_2019_05_36_52.png'height='100' width='100'/></a>]]>
            </line>
            <line>
              <![CDATA[captureScreen method called]]>
            </line>
            <line>
              <![CDATA[<a href='G:\Automation Projects\Kisan.NetWeb\src\main\resources\screenShots\blank_04_01_2019_05_36_53.png'><img src='G:\Automation Projects\Kisan.NetWeb\src\main\resources\screenShots\blank_04_01_2019_05_36_53.png'height='100' width='100'/></a>]]>
            </line>
          </reporter-output>
        </test-method> <!-- inviteToFollowChannelWithValidNumber -->
        <test-method status="PASS" signature="afterMethod(org.testng.ITestResult)[pri:0, instance:com.uiFramework.KisanForum.KisanNetWeb.testScripts.Invitations.FollowChannelInviteToValidNumber@3327bd23]" name="afterMethod" is-config="true" duration-ms="4825" started-at="2019-01-04T17:36:53Z" finished-at="2019-01-04T17:36:58Z">
          <params>
            <param index="0">
              <value>
                <![CDATA[[TestResult name=inviteToFollowChannelWithValidNumber status=FAILURE method=FollowChannelInviteToValidNumber.inviteToFollowChannelWithValidNumber(java.lang.String, java.lang.String, java.lang.String, java.lang.String, java.lang.String)[pri:0, instance:com.uiFramework.KisanForum.KisanNetWeb.testScripts.Invitations.FollowChannelInviteToValidNumber@3327bd23] output=captureScreen method called]]]>
              </value>
            </param>
          </params>
          <reporter-output>
            <line>
              <![CDATA[captureScreen method called]]>
            </line>
            <line>
              <![CDATA[<a href='G:\Automation Projects\Kisan.NetWeb\src\main\resources\screenShots\inviteToFollowChannelWithValidNumber_04_01_2019_05_36_57.png'><img src='G:\Automation Projects\Kisan.NetWeb\src\main\resources\screenShots\inviteToFollowChannelWithValidNumber_04_01_2019_05_36_57.png'height='100' width='100'/></a>]]>
            </line>
          </reporter-output>
        </test-method> <!-- afterMethod -->
        <test-method status="PASS" signature="afterTest()[pri:0, instance:com.uiFramework.KisanForum.KisanNetWeb.testScripts.Invitations.FollowChannelInviteToValidNumber@3327bd23]" name="afterTest" is-config="true" duration-ms="1343" started-at="2019-01-04T17:36:58Z" finished-at="2019-01-04T17:37:00Z">
          <reporter-output>
          </reporter-output>
        </test-method> <!-- afterTest -->
      </class> <!-- com.uiFramework.KisanForum.KisanNetWeb.testScripts.Invitations.FollowChannelInviteToValidNumber -->
    </test> <!-- Default test -->
  </suite> <!-- Default suite -->
</testng-results>
