<?xml version="1.0" encoding="UTF-8"?>
<testng-results skipped="0" failed="0" total="1" passed="1">
  <reporter-output>
    <line>
      <![CDATA[captureScreen method called]]>
    </line>
    <line>
      <![CDATA[<a href='G:\Automation Projects\Kisan.NetWeb\src\main\resources\screenShots\LoginPage_23_01_2019_06_30_37.png'><img src='G:\Automation Projects\Kisan.NetWeb\src\main\resources\screenShots\LoginPage_23_01_2019_06_30_37.png'height='100' width='100'/></a>]]>
    </line>
    <line>
      <![CDATA[captureScreen method called]]>
    </line>
    <line>
      <![CDATA[captureScreen method called]]>
    </line>
    <line>
      <![CDATA[<a href='G:\Automation Projects\Kisan.NetWeb\src\main\resources\screenShots\Homepage_23_01_2019_06_30_41.png'><img src='G:\Automation Projects\Kisan.NetWeb\src\main\resources\screenShots\Homepage_23_01_2019_06_30_41.png'height='100' width='100'/></a>]]>
    </line>
    <line>
      <![CDATA[captureScreen method called]]>
    </line>
    <line>
      <![CDATA[<a href='G:\Automation Projects\Kisan.NetWeb\src\main\resources\screenShots\LeftDrawer_23_01_2019_06_30_53.png'><img src='G:\Automation Projects\Kisan.NetWeb\src\main\resources\screenShots\LeftDrawer_23_01_2019_06_30_53.png'height='100' width='100'/></a>]]>
    </line>
  </reporter-output>
  <suite name="Default suite" duration-ms="70426" started-at="2019-01-23T13:00:26Z" finished-at="2019-01-23T13:01:37Z">
    <groups>
    </groups>
    <test name="Default test" duration-ms="70426" started-at="2019-01-23T13:00:26Z" finished-at="2019-01-23T13:01:37Z">
      <class name="com.uiFramework.KisanForum.KisanNetWeb.testScripts.FollowAndUnFollowChannel.UnfollowChannelFromUserProfile">
        <test-method status="PASS" signature="beforeSuite()[pri:0, instance:com.uiFramework.KisanForum.KisanNetWeb.testScripts.FollowAndUnFollowChannel.UnfollowChannelFromUserProfile@3327bd23]" name="beforeSuite" is-config="true" duration-ms="182" started-at="2019-01-23T18:30:26Z" finished-at="2019-01-23T18:30:26Z">
          <reporter-output>
          </reporter-output>
        </test-method> <!-- beforeSuite -->
        <test-method status="PASS" signature="beforeTest()[pri:0, instance:com.uiFramework.KisanForum.KisanNetWeb.testScripts.FollowAndUnFollowChannel.UnfollowChannelFromUserProfile@3327bd23]" name="beforeTest" is-config="true" duration-ms="4147" started-at="2019-01-23T18:30:26Z" finished-at="2019-01-23T18:30:30Z">
          <reporter-output>
          </reporter-output>
        </test-method> <!-- beforeTest -->
        <test-method status="PASS" signature="beforeClass()[pri:0, instance:com.uiFramework.KisanForum.KisanNetWeb.testScripts.FollowAndUnFollowChannel.UnfollowChannelFromUserProfile@3327bd23]" name="beforeClass" is-config="true" duration-ms="5412" started-at="2019-01-23T18:30:30Z" finished-at="2019-01-23T18:30:36Z">
          <reporter-output>
          </reporter-output>
        </test-method> <!-- beforeClass -->
        <test-method status="PASS" signature="beforeMethod(java.lang.reflect.Method)[pri:0, instance:com.uiFramework.KisanForum.KisanNetWeb.testScripts.FollowAndUnFollowChannel.UnfollowChannelFromUserProfile@3327bd23]" name="beforeMethod" is-config="true" duration-ms="0" started-at="2019-01-23T18:30:36Z" finished-at="2019-01-23T18:30:36Z">
          <params>
            <param index="0">
              <value>
                <![CDATA[public void com.uiFramework.KisanForum.KisanNetWeb.testScripts.FollowAndUnFollowChannel.UnfollowChannelFromUserProfile.unfollowChannelFromUserProfile(java.lang.String,java.lang.String,java.lang.String,java.lang.String) throws java.lang.Exception]]>
              </value>
            </param>
          </params>
          <reporter-output>
          </reporter-output>
        </test-method> <!-- beforeMethod -->
        <test-method status="PASS" signature="unfollowChannelFromUserProfile(java.lang.String, java.lang.String, java.lang.String, java.lang.String)[pri:0, instance:com.uiFramework.KisanForum.KisanNetWeb.testScripts.FollowAndUnFollowChannel.UnfollowChannelFromUserProfile@3327bd23]" name="unfollowChannelFromUserProfile" duration-ms="54373" started-at="2019-01-23T18:30:36Z" data-provider="Channel To Be Unfollowed" finished-at="2019-01-23T18:31:31Z">
          <params>
            <param index="0">
              <value>
                <![CDATA[manisha.kisan17@gmail.com]]>
              </value>
            </param>
            <param index="1">
              <value>
                <![CDATA[manisha123]]>
              </value>
            </param>
            <param index="2">
              <value>
                <![CDATA[FCI Magazine]]>
              </value>
            </param>
            <param index="3">
              <value>
                <![CDATA[Y]]>
              </value>
            </param>
          </params>
          <reporter-output>
            <line>
              <![CDATA[captureScreen method called]]>
            </line>
            <line>
              <![CDATA[<a href='G:\Automation Projects\Kisan.NetWeb\src\main\resources\screenShots\LoginPage_23_01_2019_06_30_37.png'><img src='G:\Automation Projects\Kisan.NetWeb\src\main\resources\screenShots\LoginPage_23_01_2019_06_30_37.png'height='100' width='100'/></a>]]>
            </line>
            <line>
              <![CDATA[captureScreen method called]]>
            </line>
            <line>
              <![CDATA[captureScreen method called]]>
            </line>
            <line>
              <![CDATA[<a href='G:\Automation Projects\Kisan.NetWeb\src\main\resources\screenShots\Homepage_23_01_2019_06_30_41.png'><img src='G:\Automation Projects\Kisan.NetWeb\src\main\resources\screenShots\Homepage_23_01_2019_06_30_41.png'height='100' width='100'/></a>]]>
            </line>
            <line>
              <![CDATA[captureScreen method called]]>
            </line>
            <line>
              <![CDATA[<a href='G:\Automation Projects\Kisan.NetWeb\src\main\resources\screenShots\LeftDrawer_23_01_2019_06_30_53.png'><img src='G:\Automation Projects\Kisan.NetWeb\src\main\resources\screenShots\LeftDrawer_23_01_2019_06_30_53.png'height='100' width='100'/></a>]]>
            </line>
          </reporter-output>
        </test-method> <!-- unfollowChannelFromUserProfile -->
        <test-method status="PASS" signature="afterMethod(org.testng.ITestResult)[pri:0, instance:com.uiFramework.KisanForum.KisanNetWeb.testScripts.FollowAndUnFollowChannel.UnfollowChannelFromUserProfile@3327bd23]" name="afterMethod" is-config="true" duration-ms="4461" started-at="2019-01-23T18:31:31Z" finished-at="2019-01-23T18:31:35Z">
          <params>
            <param index="0">
              <value>
                <![CDATA[[TestResult name=unfollowChannelFromUserProfile status=SUCCESS method=UnfollowChannelFromUserProfile.unfollowChannelFromUserProfile(java.lang.String, java.lang.String, java.lang.String, java.lang.String)[pri:0, instance:com.uiFramework.KisanForum.KisanNetWeb.testScripts.FollowAndUnFollowChannel.UnfollowChannelFromUserProfile@3327bd23] output=captureScreen method called]]]>
              </value>
            </param>
          </params>
          <reporter-output>
          </reporter-output>
        </test-method> <!-- afterMethod -->
        <test-method status="PASS" signature="afterTest()[pri:0, instance:com.uiFramework.KisanForum.KisanNetWeb.testScripts.FollowAndUnFollowChannel.UnfollowChannelFromUserProfile@3327bd23]" name="afterTest" is-config="true" duration-ms="1232" started-at="2019-01-23T18:31:35Z" finished-at="2019-01-23T18:31:37Z">
          <reporter-output>
          </reporter-output>
        </test-method> <!-- afterTest -->
      </class> <!-- com.uiFramework.KisanForum.KisanNetWeb.testScripts.FollowAndUnFollowChannel.UnfollowChannelFromUserProfile -->
    </test> <!-- Default test -->
  </suite> <!-- Default suite -->
</testng-results>
