<?xml version="1.0" encoding="UTF-8"?>
<testng-results skipped="0" failed="0" total="1" passed="1">
  <reporter-output>
    <line>
      <![CDATA[captureScreen method called]]>
    </line>
    <line>
      <![CDATA[<a href='G:\Automation Projects\Kisan.NetWeb\src\main\resources\screenShots\LoginPage_06_02_2019_02_12_17.png'><img src='G:\Automation Projects\Kisan.NetWeb\src\main\resources\screenShots\LoginPage_06_02_2019_02_12_17.png'height='100' width='100'/></a>]]>
    </line>
    <line>
      <![CDATA[captureScreen method called]]>
    </line>
    <line>
      <![CDATA[<a href='G:\Automation Projects\Kisan.NetWeb\src\main\resources\screenShots\LoginPage_06_02_2019_02_12_19.png'><img src='G:\Automation Projects\Kisan.NetWeb\src\main\resources\screenShots\LoginPage_06_02_2019_02_12_19.png'height='100' width='100'/></a>]]>
    </line>
    <line>
      <![CDATA[captureScreen method called]]>
    </line>
    <line>
      <![CDATA[<a href='G:\Automation Projects\Kisan.NetWeb\src\main\resources\screenShots\Homepage_06_02_2019_02_12_39.png'><img src='G:\Automation Projects\Kisan.NetWeb\src\main\resources\screenShots\Homepage_06_02_2019_02_12_39.png'height='100' width='100'/></a>]]>
    </line>
  </reporter-output>
  <suite name="Default suite" duration-ms="118156" started-at="2019-02-06T08:42:05Z" finished-at="2019-02-06T08:44:04Z">
    <groups>
    </groups>
    <test name="Default test" duration-ms="118156" started-at="2019-02-06T08:42:05Z" finished-at="2019-02-06T08:44:04Z">
      <class name="com.uiFramework.KisanForum.KisanNetWeb.testScripts.loginPage.Logout">
        <test-method status="PASS" signature="beforeSuite()[pri:0, instance:com.uiFramework.KisanForum.KisanNetWeb.testScripts.loginPage.Logout@3327bd23]" name="beforeSuite" is-config="true" duration-ms="172" started-at="2019-02-06T14:12:05Z" finished-at="2019-02-06T14:12:05Z">
          <reporter-output>
          </reporter-output>
        </test-method> <!-- beforeSuite -->
        <test-method status="PASS" signature="beforeTest()[pri:0, instance:com.uiFramework.KisanForum.KisanNetWeb.testScripts.loginPage.Logout@3327bd23]" name="beforeTest" is-config="true" duration-ms="4037" started-at="2019-02-06T14:12:05Z" finished-at="2019-02-06T14:12:09Z">
          <reporter-output>
          </reporter-output>
        </test-method> <!-- beforeTest -->
        <test-method status="PASS" signature="beforeClass()[pri:0, instance:com.uiFramework.KisanForum.KisanNetWeb.testScripts.loginPage.Logout@3327bd23]" name="beforeClass" is-config="true" duration-ms="7034" started-at="2019-02-06T14:12:09Z" finished-at="2019-02-06T14:12:16Z">
          <reporter-output>
          </reporter-output>
        </test-method> <!-- beforeClass -->
        <test-method status="PASS" signature="beforeMethod(java.lang.reflect.Method)[pri:0, instance:com.uiFramework.KisanForum.KisanNetWeb.testScripts.loginPage.Logout@3327bd23]" name="beforeMethod" is-config="true" duration-ms="1" started-at="2019-02-06T14:12:17Z" finished-at="2019-02-06T14:12:17Z">
          <params>
            <param index="0">
              <value>
                <![CDATA[public void com.uiFramework.KisanForum.KisanNetWeb.testScripts.loginPage.Logout.logoutFromApp(java.lang.String,java.lang.String,java.lang.String) throws java.lang.Exception]]>
              </value>
            </param>
          </params>
          <reporter-output>
          </reporter-output>
        </test-method> <!-- beforeMethod -->
        <test-method status="PASS" signature="logoutFromApp(java.lang.String, java.lang.String, java.lang.String)[pri:0, instance:com.uiFramework.KisanForum.KisanNetWeb.testScripts.loginPage.Logout@3327bd23]" name="logoutFromApp" duration-ms="101152" started-at="2019-02-06T14:12:17Z" description="Login to App" data-provider="testData" finished-at="2019-02-06T14:13:58Z">
          <params>
            <param index="0">
              <value>
                <![CDATA[manisha.kisan17@gmail.com]]>
              </value>
            </param>
            <param index="1">
              <value>
                <![CDATA[manisha123]]>
              </value>
            </param>
            <param index="2">
              <value>
                <![CDATA[Y]]>
              </value>
            </param>
          </params>
          <reporter-output>
            <line>
              <![CDATA[captureScreen method called]]>
            </line>
            <line>
              <![CDATA[<a href='G:\Automation Projects\Kisan.NetWeb\src\main\resources\screenShots\LoginPage_06_02_2019_02_12_17.png'><img src='G:\Automation Projects\Kisan.NetWeb\src\main\resources\screenShots\LoginPage_06_02_2019_02_12_17.png'height='100' width='100'/></a>]]>
            </line>
            <line>
              <![CDATA[captureScreen method called]]>
            </line>
            <line>
              <![CDATA[<a href='G:\Automation Projects\Kisan.NetWeb\src\main\resources\screenShots\LoginPage_06_02_2019_02_12_19.png'><img src='G:\Automation Projects\Kisan.NetWeb\src\main\resources\screenShots\LoginPage_06_02_2019_02_12_19.png'height='100' width='100'/></a>]]>
            </line>
            <line>
              <![CDATA[captureScreen method called]]>
            </line>
            <line>
              <![CDATA[<a href='G:\Automation Projects\Kisan.NetWeb\src\main\resources\screenShots\Homepage_06_02_2019_02_12_39.png'><img src='G:\Automation Projects\Kisan.NetWeb\src\main\resources\screenShots\Homepage_06_02_2019_02_12_39.png'height='100' width='100'/></a>]]>
            </line>
          </reporter-output>
        </test-method> <!-- logoutFromApp -->
        <test-method status="PASS" signature="afterMethod(org.testng.ITestResult)[pri:0, instance:com.uiFramework.KisanForum.KisanNetWeb.testScripts.loginPage.Logout@3327bd23]" name="afterMethod" is-config="true" duration-ms="4390" started-at="2019-02-06T14:13:58Z" finished-at="2019-02-06T14:14:03Z">
          <params>
            <param index="0">
              <value>
                <![CDATA[[TestResult name=logoutFromApp status=SUCCESS method=Logout.logoutFromApp(java.lang.String, java.lang.String, java.lang.String)[pri:0, instance:com.uiFramework.KisanForum.KisanNetWeb.testScripts.loginPage.Logout@3327bd23] output=captureScreen method called]]]>
              </value>
            </param>
          </params>
          <reporter-output>
          </reporter-output>
        </test-method> <!-- afterMethod -->
        <test-method status="PASS" signature="afterTest()[pri:0, instance:com.uiFramework.KisanForum.KisanNetWeb.testScripts.loginPage.Logout@3327bd23]" name="afterTest" is-config="true" duration-ms="708" started-at="2019-02-06T14:14:03Z" finished-at="2019-02-06T14:14:04Z">
          <reporter-output>
          </reporter-output>
        </test-method> <!-- afterTest -->
      </class> <!-- com.uiFramework.KisanForum.KisanNetWeb.testScripts.loginPage.Logout -->
    </test> <!-- Default test -->
  </suite> <!-- Default suite -->
</testng-results>
