<?xml version="1.0" encoding="UTF-8"?>
<!-- Generated by org.testng.reporters.JUnitXMLReporter -->
<testsuite hostname="KisanAbhi-PC" name="SearchExistingChannelOnHomePage" tests="2" failures="0" timestamp="18 Jan 2019 10:15:21 GMT" time="44.419" errors="0">
  <testcase name="searchExistingChannelOnHomePage" time="21.078" classname="com.uiFramework.KisanForum.KisanNetWeb.testScripts.Search.SearchExistingChannelOnHomePage"/>
  <testcase name="searchExistingChannelOnHomePage" time="0.0" classname="com.uiFramework.KisanForum.KisanNetWeb.testScripts.Search.SearchExistingChannelOnHomePage">
    <skipped/>
  </testcase> <!-- searchExistingChannelOnHomePage -->
</testsuite> <!-- SearchExistingChannelOnHomePage -->
