<?xml version="1.0" encoding="UTF-8"?>
<!-- Generated by org.testng.reporters.JUnitXMLReporter -->
<testsuite hostname="KisanAbhi-PC" name="SearchNonExistingChannelOnDiscoverPage" tests="2" failures="0" timestamp="18 Jun 2019 10:01:24 GMT" time="99.568" errors="0">
  <testcase name="searchNonExistingChannelOnDiscoverPage" time="0.007" classname="com.uiFramework.KisanForum.KisanNetWeb.testScripts.Search.SearchNonExistingChannelOnDiscoverPage">
    <skipped/>
  </testcase> <!-- searchNonExistingChannelOnDiscoverPage -->
  <testcase name="searchNonExistingChannelOnDiscoverPage" time="71.735" classname="com.uiFramework.KisanForum.KisanNetWeb.testScripts.Search.SearchNonExistingChannelOnDiscoverPage"/>
</testsuite> <!-- SearchNonExistingChannelOnDiscoverPage -->
